28-04-2019 17:38:58 INFO  TestNGListener:30  - 

28-04-2019 17:38:58 INFO  TestNGListener:31  - ///////////////////////////////////////////////////////////////////
28-04-2019 17:38:58 INFO  TestNGListener:32  - ////__________________________ START ______________________________
28-04-2019 17:38:58 INFO  TestNGListener:30  - 

28-04-2019 17:38:58 INFO  TestNGListener:31  - ///////////////////////////////////////////////////////////////////
28-04-2019 17:38:58 INFO  TestNGListener:32  - ////__________________________ START ______________________________
28-04-2019 17:38:58 INFO  BrowserFactory:40  - Setting browser: 'chrome', headless: 'false'
28-04-2019 17:38:58 INFO  BrowserFactory:119  - Selected Platform: Windows 10
28-04-2019 17:39:02 INFO  DriverBase:43  - Browser launched: chrome
28-04-2019 17:39:02 INFO  BrowserFactory:40  - Setting browser: 'chrome', headless: 'false'
28-04-2019 17:39:02 INFO  BrowserFactory:119  - Selected Platform: Windows 10
28-04-2019 17:39:02 INFO  DriverBase:119  - Maximize browser window
28-04-2019 17:39:03 INFO  DriverBase:105  - Setting ImplicitWait: 30
28-04-2019 17:39:03 INFO  DriverBase:95  - Setting PageLoadTimeout: 60
28-04-2019 17:39:03 INFO  DriverBase:124  - Opening URL: https://www.makemytrip.com
28-04-2019 17:39:05 INFO  DriverBase:43  - Browser launched: chrome
28-04-2019 17:39:05 INFO  DriverBase:119  - Maximize browser window
28-04-2019 17:39:07 INFO  DriverBase:105  - Setting ImplicitWait: 30
28-04-2019 17:39:07 INFO  DriverBase:95  - Setting PageLoadTimeout: 60
28-04-2019 17:39:07 INFO  DriverBase:124  - Opening URL: https://www.makemytrip.com
28-04-2019 17:39:11 INFO  TestNGListener:45  - ********************************************************************
28-04-2019 17:39:11 INFO  TestNGListener:46  - $$  Executing TestCase: --> verifyTitle( )  $$
28-04-2019 17:39:11 INFO  TestNGListener:47  - $$  Test Description: Verify HomePage title
28-04-2019 17:39:11 INFO  TestNGListener:48  - ********************************************************************
28-04-2019 17:39:11 INFO  DriverBase:90  - Page Title: MakeMyTrip - #1 Travel Website 50% OFF on Hotels, Flights &amp; Holiday
28-04-2019 17:39:11 INFO  TestNGListener:59  - ////////////////////////////////////////////////////////////////////
28-04-2019 17:39:11 INFO  TestNGListener:60  - ////________________________________________________________________
28-04-2019 17:39:11 INFO  TestNGListener:61  - //// TestCase: verifyTitle( )
28-04-2019 17:39:11 INFO  TestNGListener:62  - ////________________________________________________________________
28-04-2019 17:39:11 INFO  TestNGListener:63  - //// Status: PASSED
28-04-2019 17:39:11 INFO  TestNGListener:64  - ////________________________________________________________________
28-04-2019 17:39:11 INFO  TestNGListener:65  - //// Total Duration: 0.049 seconds
28-04-2019 17:39:11 INFO  TestNGListener:66  - ////________________________________________________________________
28-04-2019 17:39:11 INFO  TestNGListener:67  - ////////////////////////////////////////////////////////////////////
28-04-2019 17:39:11 INFO  TestNGListener:45  - ********************************************************************
28-04-2019 17:39:11 INFO  TestNGListener:46  - $$  Executing TestCase: --> verifyHomePageSearch( )  $$
28-04-2019 17:39:11 INFO  TestNGListener:47  - $$  Test Description: Verify HomePage basic Search functionality
28-04-2019 17:39:11 INFO  TestNGListener:48  - ********************************************************************
28-04-2019 17:39:16 INFO  HomePage:77  - Selected 'From' city: Delhi, India Delhi Airport DEL
28-04-2019 17:39:16 INFO  HomePage:77  - Selected 'From' city: Delhi, India Delhi Airport DEL
28-04-2019 17:39:18 INFO  HomePage:116  - Selected 'To' city: Bangalore, India Kempegowda International Airport BLR
28-04-2019 17:39:18 INFO  HomePage:193  - Selected date: 28-April-2019
28-04-2019 17:39:18 INFO  HomePage:116  - Selected 'To' city: Bangalore, India Kempegowda International Airport BLR
28-04-2019 17:39:19 INFO  HomePage:193  - Selected date: 28-April-2019
28-04-2019 17:39:19 INFO  HomePage:193  - Selected date: 05-May-2019
28-04-2019 17:39:20 INFO  HomePage:193  - Selected date: 05-May-2019
28-04-2019 17:39:23 INFO  HomePage:249  - Clicked on Search button
28-04-2019 17:39:23 INFO  SearchPage:258  - Actual 'From' city: Delhi, India, Expected 'From' city: DELHI
28-04-2019 17:39:23 INFO  SearchPage:259  - Actual 'To' city: Bangalore, India, Expected 'To' city: BANGALORE
28-04-2019 17:39:23 INFO  SearchPage:260  - Actual Departure date: 28-April-2019, Expected Departure date: 28-April-2019
28-04-2019 17:39:23 INFO  SearchPage:261  - Actual Return date: 05-May-2019, Expected Return date: 05-May-2019
28-04-2019 17:39:23 INFO  TestNGListener:59  - ////////////////////////////////////////////////////////////////////
28-04-2019 17:39:23 INFO  TestNGListener:60  - ////________________________________________________________________
28-04-2019 17:39:23 INFO  TestNGListener:61  - //// TestCase: verifyHomePageSearch( )
28-04-2019 17:39:23 INFO  TestNGListener:62  - ////________________________________________________________________
28-04-2019 17:39:23 INFO  TestNGListener:63  - //// Status: PASSED
28-04-2019 17:39:23 INFO  TestNGListener:64  - ////________________________________________________________________
28-04-2019 17:39:23 INFO  TestNGListener:65  - //// Total Duration: 11.828 seconds
28-04-2019 17:39:23 INFO  TestNGListener:66  - ////________________________________________________________________
28-04-2019 17:39:23 INFO  TestNGListener:67  - ////////////////////////////////////////////////////////////////////
28-04-2019 17:39:24 INFO  HomePage:249  - Clicked on Search button
28-04-2019 17:39:24 INFO  TestNGListener:45  - ********************************************************************
28-04-2019 17:39:24 INFO  TestNGListener:46  - $$  Executing TestCase: --> verifyTitle( )  $$
28-04-2019 17:39:24 INFO  TestNGListener:47  - $$  Test Description: Verify SearchPage title
28-04-2019 17:39:24 INFO  TestNGListener:48  - ********************************************************************
28-04-2019 17:39:24 INFO  DriverBase:90  - Page Title: Makemytrip
28-04-2019 17:39:24 INFO  TestNGListener:59  - ////////////////////////////////////////////////////////////////////
28-04-2019 17:39:24 INFO  TestNGListener:60  - ////________________________________________________________________
28-04-2019 17:39:24 INFO  TestNGListener:61  - //// TestCase: verifyTitle( )
28-04-2019 17:39:24 INFO  TestNGListener:62  - ////________________________________________________________________
28-04-2019 17:39:24 INFO  TestNGListener:63  - //// Status: PASSED
28-04-2019 17:39:24 INFO  TestNGListener:64  - ////________________________________________________________________
28-04-2019 17:39:24 INFO  TestNGListener:65  - //// Total Duration: 0.02 seconds
28-04-2019 17:39:24 INFO  TestNGListener:66  - ////________________________________________________________________
28-04-2019 17:39:24 INFO  TestNGListener:67  - ////////////////////////////////////////////////////////////////////
28-04-2019 17:39:24 INFO  TestNGListener:45  - ********************************************************************
28-04-2019 17:39:24 INFO  TestNGListener:46  - $$  Executing TestCase: --> displayRoundTripFlights( DEFAULT )  $$
28-04-2019 17:39:24 INFO  TestNGListener:47  - $$  Test Description: Display total no. of Departure and Return flights for different Stops
28-04-2019 17:39:24 INFO  TestNGListener:48  - ********************************************************************
28-04-2019 17:39:24 INFO  DriverBase:84  - Browser closed...
28-04-2019 17:39:24 INFO  TestNGListener:37  - ////___________________________ END _______________________________
28-04-2019 17:39:24 INFO  TestNGListener:38  - ///////////////////////////////////////////////////////////////////
28-04-2019 17:39:31 INFO  SearchPage:162  - Total no. of [DEFAULT] Departure Flights: 7
28-04-2019 17:39:31 INFO  SearchPage:163  - Total no. of [DEFAULT] Return Flights: 71
28-04-2019 17:39:31 INFO  TestNGListener:59  - ////////////////////////////////////////////////////////////////////
28-04-2019 17:39:31 INFO  TestNGListener:60  - ////________________________________________________________________
28-04-2019 17:39:31 INFO  TestNGListener:61  - //// TestCase: displayRoundTripFlights( DEFAULT )
28-04-2019 17:39:31 INFO  TestNGListener:62  - ////________________________________________________________________
28-04-2019 17:39:31 INFO  TestNGListener:63  - //// Status: PASSED
28-04-2019 17:39:31 INFO  TestNGListener:64  - ////________________________________________________________________
28-04-2019 17:39:31 INFO  TestNGListener:65  - //// Total Duration: 6.993 seconds
28-04-2019 17:39:31 INFO  TestNGListener:66  - ////________________________________________________________________
28-04-2019 17:39:31 INFO  TestNGListener:67  - ////////////////////////////////////////////////////////////////////
28-04-2019 17:39:31 INFO  TestNGListener:45  - ********************************************************************
28-04-2019 17:39:31 INFO  TestNGListener:46  - $$  Executing TestCase: --> displayRoundTripFlights( NONSTOP )  $$
28-04-2019 17:39:31 INFO  TestNGListener:47  - $$  Test Description: Display total no. of Departure and Return flights for different Stops
28-04-2019 17:39:31 INFO  TestNGListener:48  - ********************************************************************
28-04-2019 17:39:32 INFO  SearchPage:162  - Total no. of [NONSTOP] Departure Flights: 5
28-04-2019 17:39:32 INFO  SearchPage:163  - Total no. of [NONSTOP] Return Flights: 35
28-04-2019 17:39:32 INFO  TestNGListener:59  - ////////////////////////////////////////////////////////////////////
28-04-2019 17:39:32 INFO  TestNGListener:60  - ////________________________________________________________________
28-04-2019 17:39:32 INFO  TestNGListener:61  - //// TestCase: displayRoundTripFlights( NONSTOP )
28-04-2019 17:39:32 INFO  TestNGListener:62  - ////________________________________________________________________
28-04-2019 17:39:32 INFO  TestNGListener:63  - //// Status: PASSED
28-04-2019 17:39:32 INFO  TestNGListener:64  - ////________________________________________________________________
28-04-2019 17:39:32 INFO  TestNGListener:65  - //// Total Duration: 0.999 seconds
28-04-2019 17:39:32 INFO  TestNGListener:66  - ////________________________________________________________________
28-04-2019 17:39:32 INFO  TestNGListener:67  - ////////////////////////////////////////////////////////////////////
28-04-2019 17:39:32 INFO  TestNGListener:45  - ********************************************************************
28-04-2019 17:39:32 INFO  TestNGListener:46  - $$  Executing TestCase: --> displayRoundTripFlights( ONESTOP )  $$
28-04-2019 17:39:32 INFO  TestNGListener:47  - $$  Test Description: Display total no. of Departure and Return flights for different Stops
28-04-2019 17:39:32 INFO  TestNGListener:48  - ********************************************************************
28-04-2019 17:39:33 INFO  SearchPage:162  - Total no. of [ONESTOP] Departure Flights: 2
28-04-2019 17:39:33 INFO  SearchPage:163  - Total no. of [ONESTOP] Return Flights: 33
28-04-2019 17:39:33 INFO  TestNGListener:59  - ////////////////////////////////////////////////////////////////////
28-04-2019 17:39:33 INFO  TestNGListener:60  - ////________________________________________________________________
28-04-2019 17:39:33 INFO  TestNGListener:61  - //// TestCase: displayRoundTripFlights( ONESTOP )
28-04-2019 17:39:33 INFO  TestNGListener:62  - ////________________________________________________________________
28-04-2019 17:39:33 INFO  TestNGListener:63  - //// Status: PASSED
28-04-2019 17:39:33 INFO  TestNGListener:64  - ////________________________________________________________________
28-04-2019 17:39:33 INFO  TestNGListener:65  - //// Total Duration: 1.118 seconds
28-04-2019 17:39:33 INFO  TestNGListener:66  - ////________________________________________________________________
28-04-2019 17:39:33 INFO  TestNGListener:67  - ////////////////////////////////////////////////////////////////////
28-04-2019 17:39:33 INFO  TestNGListener:45  - ********************************************************************
28-04-2019 17:39:33 INFO  TestNGListener:46  - $$  Executing TestCase: --> selectRandomRoundTripFlightsAndVerifyPrice( 2, 1 )  $$
28-04-2019 17:39:33 INFO  TestNGListener:47  - $$  Test Description: Select random RoundTrip flights and verify prices
28-04-2019 17:39:33 INFO  TestNGListener:48  - ********************************************************************
28-04-2019 17:39:34 INFO  SearchPage:199  - Departure Flight price found at index: 2 --> Rs 14,653
28-04-2019 17:39:34 INFO  SearchPage:202  - Return Flight price found at index: 1 --> Rs 6,291
28-04-2019 17:39:34 INFO  SearchPage:281  - Verify Price: SelectedPrice = Rs 14,653, FooterPrice = Rs 14,653 Status --> true
28-04-2019 17:39:34 INFO  SearchPage:281  - Verify Price: SelectedPrice = Rs 6,291, FooterPrice = Rs 6,291 Status --> true
28-04-2019 17:39:34 INFO  SearchPage:306  - Verify Total Footer Price: Actual Price (Departure(Rs 14,653) + Return(Rs 6,291)) = 20944, Expected Price = (Actual (Rs 20,944) + Discount (0) = 20944) Status --> true
28-04-2019 17:39:34 INFO  TestNGListener:59  - ////////////////////////////////////////////////////////////////////
28-04-2019 17:39:34 INFO  TestNGListener:60  - ////________________________________________________________________
28-04-2019 17:39:34 INFO  TestNGListener:61  - //// TestCase: selectRandomRoundTripFlightsAndVerifyPrice( 2, 1 )
28-04-2019 17:39:34 INFO  TestNGListener:62  - ////________________________________________________________________
28-04-2019 17:39:34 INFO  TestNGListener:63  - //// Status: PASSED
28-04-2019 17:39:34 INFO  TestNGListener:64  - ////________________________________________________________________
28-04-2019 17:39:34 INFO  TestNGListener:65  - //// Total Duration: 1.11 seconds
28-04-2019 17:39:34 INFO  TestNGListener:66  - ////________________________________________________________________
28-04-2019 17:39:34 INFO  TestNGListener:67  - ////////////////////////////////////////////////////////////////////
28-04-2019 17:39:34 INFO  TestNGListener:45  - ********************************************************************
28-04-2019 17:39:34 INFO  TestNGListener:46  - $$  Executing TestCase: --> selectRandomRoundTripFlightsAndVerifyPrice( 1, 4 )  $$
28-04-2019 17:39:34 INFO  TestNGListener:47  - $$  Test Description: Select random RoundTrip flights and verify prices
28-04-2019 17:39:34 INFO  TestNGListener:48  - ********************************************************************
28-04-2019 17:39:35 INFO  SearchPage:199  - Departure Flight price found at index: 1 --> Rs 13,413
28-04-2019 17:39:35 INFO  SearchPage:202  - Return Flight price found at index: 4 --> Rs 6,841
28-04-2019 17:39:35 INFO  SearchPage:281  - Verify Price: SelectedPrice = Rs 13,413, FooterPrice = Rs 13,413 Status --> true
28-04-2019 17:39:35 INFO  SearchPage:281  - Verify Price: SelectedPrice = Rs 6,841, FooterPrice = Rs 6,841 Status --> true
28-04-2019 17:39:35 INFO  SearchPage:306  - Verify Total Footer Price: Actual Price (Departure(Rs 13,413) + Return(Rs 6,841)) = 20254, Expected Price = (Actual (Rs 20,200) + Discount (54) = 20254) Status --> true
28-04-2019 17:39:35 INFO  TestNGListener:59  - ////////////////////////////////////////////////////////////////////
28-04-2019 17:39:35 INFO  TestNGListener:60  - ////________________________________________________________________
28-04-2019 17:39:35 INFO  TestNGListener:61  - //// TestCase: selectRandomRoundTripFlightsAndVerifyPrice( 1, 4 )
28-04-2019 17:39:35 INFO  TestNGListener:62  - ////________________________________________________________________
28-04-2019 17:39:35 INFO  TestNGListener:63  - //// Status: PASSED
28-04-2019 17:39:35 INFO  TestNGListener:64  - ////________________________________________________________________
28-04-2019 17:39:35 INFO  TestNGListener:65  - //// Total Duration: 0.846 seconds
28-04-2019 17:39:35 INFO  TestNGListener:66  - ////________________________________________________________________
28-04-2019 17:39:35 INFO  TestNGListener:67  - ////////////////////////////////////////////////////////////////////
28-04-2019 17:39:35 INFO  TestNGListener:45  - ********************************************************************
28-04-2019 17:39:35 INFO  TestNGListener:46  - $$  Executing TestCase: --> selectRandomRoundTripFlightsAndVerifyPrice( 2, 4 )  $$
28-04-2019 17:39:35 INFO  TestNGListener:47  - $$  Test Description: Select random RoundTrip flights and verify prices
28-04-2019 17:39:35 INFO  TestNGListener:48  - ********************************************************************
28-04-2019 17:39:36 INFO  SearchPage:199  - Departure Flight price found at index: 2 --> Rs 14,653
28-04-2019 17:39:36 INFO  SearchPage:202  - Return Flight price found at index: 4 --> Rs 6,841
28-04-2019 17:39:36 INFO  SearchPage:281  - Verify Price: SelectedPrice = Rs 14,653, FooterPrice = Rs 14,653 Status --> true
28-04-2019 17:39:36 INFO  SearchPage:281  - Verify Price: SelectedPrice = Rs 6,841, FooterPrice = Rs 6,841 Status --> true
28-04-2019 17:39:36 INFO  SearchPage:306  - Verify Total Footer Price: Actual Price (Departure(Rs 14,653) + Return(Rs 6,841)) = 21494, Expected Price = (Actual (Rs 21,494) + Discount (0) = 21494) Status --> true
28-04-2019 17:39:36 INFO  TestNGListener:59  - ////////////////////////////////////////////////////////////////////
28-04-2019 17:39:36 INFO  TestNGListener:60  - ////________________________________________________________________
28-04-2019 17:39:36 INFO  TestNGListener:61  - //// TestCase: selectRandomRoundTripFlightsAndVerifyPrice( 2, 4 )
28-04-2019 17:39:36 INFO  TestNGListener:62  - ////________________________________________________________________
28-04-2019 17:39:36 INFO  TestNGListener:63  - //// Status: PASSED
28-04-2019 17:39:36 INFO  TestNGListener:64  - ////________________________________________________________________
28-04-2019 17:39:36 INFO  TestNGListener:65  - //// Total Duration: 1.239 seconds
28-04-2019 17:39:36 INFO  TestNGListener:66  - ////________________________________________________________________
28-04-2019 17:39:36 INFO  TestNGListener:67  - ////////////////////////////////////////////////////////////////////
28-04-2019 17:39:36 INFO  TestNGListener:45  - ********************************************************************
28-04-2019 17:39:36 INFO  TestNGListener:46  - $$  Executing TestCase: --> selectRandomRoundTripFlightsAndVerifyPrice( 2, 7 )  $$
28-04-2019 17:39:36 INFO  TestNGListener:47  - $$  Test Description: Select random RoundTrip flights and verify prices
28-04-2019 17:39:36 INFO  TestNGListener:48  - ********************************************************************
28-04-2019 17:39:37 INFO  SearchPage:199  - Departure Flight price found at index: 2 --> Rs 14,653
28-04-2019 17:39:37 INFO  SearchPage:202  - Return Flight price found at index: 7 --> Rs 6,841
28-04-2019 17:39:37 INFO  SearchPage:281  - Verify Price: SelectedPrice = Rs 14,653, FooterPrice = Rs 14,653 Status --> true
28-04-2019 17:39:37 INFO  SearchPage:281  - Verify Price: SelectedPrice = Rs 6,841, FooterPrice = Rs 6,841 Status --> true
28-04-2019 17:39:37 INFO  SearchPage:306  - Verify Total Footer Price: Actual Price (Departure(Rs 14,653) + Return(Rs 6,841)) = 21494, Expected Price = (Actual (Rs 21,494) + Discount (0) = 21494) Status --> true
28-04-2019 17:39:37 INFO  TestNGListener:59  - ////////////////////////////////////////////////////////////////////
28-04-2019 17:39:37 INFO  TestNGListener:60  - ////________________________________________________________________
28-04-2019 17:39:37 INFO  TestNGListener:61  - //// TestCase: selectRandomRoundTripFlightsAndVerifyPrice( 2, 7 )
28-04-2019 17:39:37 INFO  TestNGListener:62  - ////________________________________________________________________
28-04-2019 17:39:37 INFO  TestNGListener:63  - //// Status: PASSED
28-04-2019 17:39:37 INFO  TestNGListener:64  - ////________________________________________________________________
28-04-2019 17:39:37 INFO  TestNGListener:65  - //// Total Duration: 0.629 seconds
28-04-2019 17:39:37 INFO  TestNGListener:66  - ////________________________________________________________________
28-04-2019 17:39:37 INFO  TestNGListener:67  - ////////////////////////////////////////////////////////////////////
28-04-2019 17:39:38 INFO  DriverBase:84  - Browser closed...
28-04-2019 17:39:38 INFO  TestNGListener:37  - ////___________________________ END _______________________________
28-04-2019 17:39:38 INFO  TestNGListener:38  - ///////////////////////////////////////////////////////////////////
28-04-2019 17:56:45 INFO  TestNGListener:30  - 

28-04-2019 17:56:45 INFO  TestNGListener:31  - ///////////////////////////////////////////////////////////////////
28-04-2019 17:56:45 INFO  TestNGListener:32  - ////__________________________ START ______________________________
28-04-2019 17:56:45 INFO  TestNGListener:30  - 

28-04-2019 17:56:45 INFO  TestNGListener:31  - ///////////////////////////////////////////////////////////////////
28-04-2019 17:56:45 INFO  TestNGListener:32  - ////__________________________ START ______________________________
28-04-2019 17:56:45 INFO  BrowserFactory:40  - Setting browser: 'chrome', headless: 'false'
28-04-2019 17:56:45 INFO  BrowserFactory:119  - Selected Platform: Windows 10
28-04-2019 17:56:48 INFO  DriverBase:43  - Browser launched: chrome
28-04-2019 17:56:48 INFO  BrowserFactory:40  - Setting browser: 'chrome', headless: 'false'
28-04-2019 17:56:48 INFO  BrowserFactory:119  - Selected Platform: Windows 10
28-04-2019 17:56:48 INFO  DriverBase:119  - Maximize browser window
28-04-2019 17:56:50 INFO  DriverBase:105  - Setting ImplicitWait: 30
28-04-2019 17:56:50 INFO  DriverBase:95  - Setting PageLoadTimeout: 60
28-04-2019 17:56:50 INFO  DriverBase:124  - Opening URL: https://www.makemytrip.com
28-04-2019 17:56:51 INFO  DriverBase:43  - Browser launched: chrome
28-04-2019 17:56:51 INFO  DriverBase:119  - Maximize browser window
28-04-2019 17:56:52 INFO  DriverBase:105  - Setting ImplicitWait: 30
28-04-2019 17:56:52 INFO  DriverBase:95  - Setting PageLoadTimeout: 60
28-04-2019 17:56:52 INFO  DriverBase:124  - Opening URL: https://www.makemytrip.com
28-04-2019 17:56:54 INFO  TestNGListener:45  - ********************************************************************
28-04-2019 17:56:54 INFO  TestNGListener:46  - $$  Executing TestCase: --> verifyTitle( )  $$
28-04-2019 17:56:54 INFO  TestNGListener:47  - $$  Test Description: Verify HomePage title
28-04-2019 17:56:54 INFO  TestNGListener:48  - ********************************************************************
28-04-2019 17:56:54 INFO  DriverBase:90  - Page Title: MakeMyTrip - #1 Travel Website 50% OFF on Hotels, Flights &amp; Holiday
28-04-2019 17:56:54 INFO  TestNGListener:59  - ////////////////////////////////////////////////////////////////////
28-04-2019 17:56:54 INFO  TestNGListener:60  - ////________________________________________________________________
28-04-2019 17:56:54 INFO  TestNGListener:61  - //// TestCase: verifyTitle( )
28-04-2019 17:56:54 INFO  TestNGListener:62  - ////________________________________________________________________
28-04-2019 17:56:54 INFO  TestNGListener:63  - //// Status: PASSED
28-04-2019 17:56:54 INFO  TestNGListener:64  - ////________________________________________________________________
28-04-2019 17:56:54 INFO  TestNGListener:65  - //// Total Duration: 0.105 seconds
28-04-2019 17:56:54 INFO  TestNGListener:66  - ////________________________________________________________________
28-04-2019 17:56:54 INFO  TestNGListener:67  - ////////////////////////////////////////////////////////////////////
28-04-2019 17:56:54 INFO  TestNGListener:45  - ********************************************************************
28-04-2019 17:56:54 INFO  TestNGListener:46  - $$  Executing TestCase: --> verifyHomePageSearch( )  $$
28-04-2019 17:56:54 INFO  TestNGListener:47  - $$  Test Description: Verify HomePage basic Search functionality
28-04-2019 17:56:54 INFO  TestNGListener:48  - ********************************************************************
28-04-2019 17:56:58 INFO  HomePage:77  - Selected 'From' city: Delhi, India Delhi Airport DEL
28-04-2019 17:57:00 INFO  HomePage:116  - Selected 'To' city: Bangalore, India Kempegowda International Airport BLR
28-04-2019 17:57:01 INFO  HomePage:193  - Selected date: 28-April-2019
28-04-2019 17:57:01 INFO  HomePage:193  - Selected date: 05-May-2019
28-04-2019 17:57:06 INFO  HomePage:249  - Clicked on Search button
28-04-2019 17:57:06 INFO  SearchPage:258  - Actual 'From' city: Delhi, India, Expected 'From' city: DELHI
28-04-2019 17:57:06 INFO  SearchPage:259  - Actual 'To' city: Bangalore, India, Expected 'To' city: BANGALORE
28-04-2019 17:57:06 INFO  SearchPage:260  - Actual Departure date: 28-April-2019, Expected Departure date: 28-April-2019
28-04-2019 17:57:06 INFO  SearchPage:261  - Actual Return date: 05-May-2019, Expected Return date: 05-May-2019
28-04-2019 17:57:06 INFO  TestNGListener:59  - ////////////////////////////////////////////////////////////////////
28-04-2019 17:57:06 INFO  TestNGListener:60  - ////________________________________________________________________
28-04-2019 17:57:06 INFO  TestNGListener:61  - //// TestCase: verifyHomePageSearch( )
28-04-2019 17:57:06 INFO  TestNGListener:62  - ////________________________________________________________________
28-04-2019 17:57:06 INFO  TestNGListener:63  - //// Status: PASSED
28-04-2019 17:57:06 INFO  TestNGListener:64  - ////________________________________________________________________
28-04-2019 17:57:06 INFO  TestNGListener:65  - //// Total Duration: 11.379 seconds
28-04-2019 17:57:06 INFO  TestNGListener:66  - ////________________________________________________________________
28-04-2019 17:57:06 INFO  TestNGListener:67  - ////////////////////////////////////////////////////////////////////
28-04-2019 17:57:07 INFO  HomePage:77  - Selected 'From' city: Delhi, India Delhi Airport DEL
28-04-2019 17:57:07 INFO  DriverBase:84  - Browser closed...
28-04-2019 17:57:07 INFO  TestNGListener:37  - ////___________________________ END _______________________________
28-04-2019 17:57:07 INFO  TestNGListener:38  - ///////////////////////////////////////////////////////////////////
28-04-2019 17:57:09 INFO  HomePage:116  - Selected 'To' city: Bangalore, India Kempegowda International Airport BLR
28-04-2019 17:57:09 INFO  HomePage:193  - Selected date: 28-April-2019
28-04-2019 17:57:10 INFO  HomePage:193  - Selected date: 05-May-2019
28-04-2019 17:57:13 INFO  HomePage:249  - Clicked on Search button
28-04-2019 17:57:13 INFO  TestNGListener:45  - ********************************************************************
28-04-2019 17:57:13 INFO  TestNGListener:46  - $$  Executing TestCase: --> verifyTitle( )  $$
28-04-2019 17:57:13 INFO  TestNGListener:47  - $$  Test Description: Verify SearchPage title
28-04-2019 17:57:13 INFO  TestNGListener:48  - ********************************************************************
28-04-2019 17:57:13 INFO  DriverBase:90  - Page Title: Makemytrip
28-04-2019 17:57:13 INFO  TestNGListener:59  - ////////////////////////////////////////////////////////////////////
28-04-2019 17:57:13 INFO  TestNGListener:60  - ////________________________________________________________________
28-04-2019 17:57:13 INFO  TestNGListener:61  - //// TestCase: verifyTitle( )
28-04-2019 17:57:13 INFO  TestNGListener:62  - ////________________________________________________________________
28-04-2019 17:57:13 INFO  TestNGListener:63  - //// Status: PASSED
28-04-2019 17:57:13 INFO  TestNGListener:64  - ////________________________________________________________________
28-04-2019 17:57:13 INFO  TestNGListener:65  - //// Total Duration: 0.014 seconds
28-04-2019 17:57:13 INFO  TestNGListener:66  - ////________________________________________________________________
28-04-2019 17:57:13 INFO  TestNGListener:67  - ////////////////////////////////////////////////////////////////////
28-04-2019 17:57:13 INFO  TestNGListener:45  - ********************************************************************
28-04-2019 17:57:13 INFO  TestNGListener:46  - $$  Executing TestCase: --> displayRoundTripFlights( DEFAULT )  $$
28-04-2019 17:57:13 INFO  TestNGListener:47  - $$  Test Description: Display total no. of Departure and Return flights for different Stops
28-04-2019 17:57:13 INFO  TestNGListener:48  - ********************************************************************
28-04-2019 17:57:16 INFO  SearchPage:162  - Total no. of [DEFAULT] Departure Flights: 4
28-04-2019 17:57:16 INFO  SearchPage:163  - Total no. of [DEFAULT] Return Flights: 41
28-04-2019 17:57:16 INFO  TestNGListener:59  - ////////////////////////////////////////////////////////////////////
28-04-2019 17:57:16 INFO  TestNGListener:60  - ////________________________________________________________________
28-04-2019 17:57:16 INFO  TestNGListener:61  - //// TestCase: displayRoundTripFlights( DEFAULT )
28-04-2019 17:57:16 INFO  TestNGListener:62  - ////________________________________________________________________
28-04-2019 17:57:16 INFO  TestNGListener:63  - //// Status: PASSED
28-04-2019 17:57:16 INFO  TestNGListener:64  - ////________________________________________________________________
28-04-2019 17:57:16 INFO  TestNGListener:65  - //// Total Duration: 2.984 seconds
28-04-2019 17:57:16 INFO  TestNGListener:66  - ////________________________________________________________________
28-04-2019 17:57:16 INFO  TestNGListener:67  - ////////////////////////////////////////////////////////////////////
28-04-2019 17:57:16 INFO  TestNGListener:45  - ********************************************************************
28-04-2019 17:57:16 INFO  TestNGListener:46  - $$  Executing TestCase: --> displayRoundTripFlights( NONSTOP )  $$
28-04-2019 17:57:16 INFO  TestNGListener:47  - $$  Test Description: Display total no. of Departure and Return flights for different Stops
28-04-2019 17:57:16 INFO  TestNGListener:48  - ********************************************************************
28-04-2019 17:57:18 INFO  SearchPage:162  - Total no. of [NONSTOP] Departure Flights: 3
28-04-2019 17:57:18 INFO  SearchPage:163  - Total no. of [NONSTOP] Return Flights: 35
28-04-2019 17:57:18 INFO  TestNGListener:59  - ////////////////////////////////////////////////////////////////////
28-04-2019 17:57:18 INFO  TestNGListener:60  - ////________________________________________________________________
28-04-2019 17:57:18 INFO  TestNGListener:61  - //// TestCase: displayRoundTripFlights( NONSTOP )
28-04-2019 17:57:18 INFO  TestNGListener:62  - ////________________________________________________________________
28-04-2019 17:57:18 INFO  TestNGListener:63  - //// Status: PASSED
28-04-2019 17:57:18 INFO  TestNGListener:64  - ////________________________________________________________________
28-04-2019 17:57:18 INFO  TestNGListener:65  - //// Total Duration: 1.315 seconds
28-04-2019 17:57:18 INFO  TestNGListener:66  - ////________________________________________________________________
28-04-2019 17:57:18 INFO  TestNGListener:67  - ////////////////////////////////////////////////////////////////////
28-04-2019 17:57:18 INFO  TestNGListener:45  - ********************************************************************
28-04-2019 17:57:18 INFO  TestNGListener:46  - $$  Executing TestCase: --> displayRoundTripFlights( ONESTOP )  $$
28-04-2019 17:57:18 INFO  TestNGListener:47  - $$  Test Description: Display total no. of Departure and Return flights for different Stops
28-04-2019 17:57:18 INFO  TestNGListener:48  - ********************************************************************
28-04-2019 17:57:19 INFO  SearchPage:162  - Total no. of [ONESTOP] Departure Flights: 1
28-04-2019 17:57:19 INFO  SearchPage:163  - Total no. of [ONESTOP] Return Flights: 33
28-04-2019 17:57:19 INFO  TestNGListener:59  - ////////////////////////////////////////////////////////////////////
28-04-2019 17:57:19 INFO  TestNGListener:60  - ////________________________________________________________________
28-04-2019 17:57:19 INFO  TestNGListener:61  - //// TestCase: displayRoundTripFlights( ONESTOP )
28-04-2019 17:57:19 INFO  TestNGListener:62  - ////________________________________________________________________
28-04-2019 17:57:19 INFO  TestNGListener:63  - //// Status: PASSED
28-04-2019 17:57:19 INFO  TestNGListener:64  - ////________________________________________________________________
28-04-2019 17:57:19 INFO  TestNGListener:65  - //// Total Duration: 0.91 seconds
28-04-2019 17:57:19 INFO  TestNGListener:66  - ////________________________________________________________________
28-04-2019 17:57:19 INFO  TestNGListener:67  - ////////////////////////////////////////////////////////////////////
28-04-2019 17:57:19 INFO  TestNGListener:45  - ********************************************************************
28-04-2019 17:57:19 INFO  TestNGListener:46  - $$  Executing TestCase: --> selectRandomRoundTripFlightsAndVerifyPrice( 1, 7 )  $$
28-04-2019 17:57:19 INFO  TestNGListener:47  - $$  Test Description: Select random RoundTrip flights and verify prices
28-04-2019 17:57:19 INFO  TestNGListener:48  - ********************************************************************
28-04-2019 17:57:20 INFO  SearchPage:199  - Departure Flight price found at index: 1 --> Rs 14,653
28-04-2019 17:57:20 INFO  SearchPage:202  - Return Flight price found at index: 7 --> Rs 6,841
28-04-2019 17:57:20 INFO  SearchPage:281  - Verify Price: SelectedPrice = Rs 14,653, FooterPrice = Rs 14,653 Status --> true
28-04-2019 17:57:20 INFO  SearchPage:281  - Verify Price: SelectedPrice = Rs 6,841, FooterPrice = Rs 6,841 Status --> true
28-04-2019 17:57:20 INFO  SearchPage:306  - Verify Total Footer Price: Actual Price (Departure(Rs 14,653) + Return(Rs 6,841)) = 21494, Expected Price = (Actual (Rs 21,494) + Discount (0) = 21494) Status --> true
28-04-2019 17:57:20 INFO  TestNGListener:59  - ////////////////////////////////////////////////////////////////////
28-04-2019 17:57:20 INFO  TestNGListener:60  - ////________________________________________________________________
28-04-2019 17:57:20 INFO  TestNGListener:61  - //// TestCase: selectRandomRoundTripFlightsAndVerifyPrice( 1, 7 )
28-04-2019 17:57:20 INFO  TestNGListener:62  - ////________________________________________________________________
28-04-2019 17:57:20 INFO  TestNGListener:63  - //// Status: PASSED
28-04-2019 17:57:20 INFO  TestNGListener:64  - ////________________________________________________________________
28-04-2019 17:57:20 INFO  TestNGListener:65  - //// Total Duration: 1.079 seconds
28-04-2019 17:57:20 INFO  TestNGListener:66  - ////________________________________________________________________
28-04-2019 17:57:20 INFO  TestNGListener:67  - ////////////////////////////////////////////////////////////////////
28-04-2019 17:57:20 INFO  TestNGListener:45  - ********************************************************************
28-04-2019 17:57:20 INFO  TestNGListener:46  - $$  Executing TestCase: --> selectRandomRoundTripFlightsAndVerifyPrice( 1, 3 )  $$
28-04-2019 17:57:20 INFO  TestNGListener:47  - $$  Test Description: Select random RoundTrip flights and verify prices
28-04-2019 17:57:20 INFO  TestNGListener:48  - ********************************************************************
28-04-2019 17:57:20 INFO  SearchPage:199  - Departure Flight price found at index: 1 --> Rs 14,653
28-04-2019 17:57:20 INFO  SearchPage:202  - Return Flight price found at index: 3 --> Rs 6,820
28-04-2019 17:57:20 INFO  SearchPage:281  - Verify Price: SelectedPrice = Rs 14,653, FooterPrice = Rs 14,653 Status --> true
28-04-2019 17:57:20 INFO  SearchPage:281  - Verify Price: SelectedPrice = Rs 6,820, FooterPrice = Rs 6,820 Status --> true
28-04-2019 17:57:21 INFO  SearchPage:306  - Verify Total Footer Price: Actual Price (Departure(Rs 14,653) + Return(Rs 6,820)) = 21473, Expected Price = (Actual (Rs 21,473) + Discount (0) = 21473) Status --> true
28-04-2019 17:57:21 INFO  TestNGListener:59  - ////////////////////////////////////////////////////////////////////
28-04-2019 17:57:21 INFO  TestNGListener:60  - ////________________________________________________________________
28-04-2019 17:57:21 INFO  TestNGListener:61  - //// TestCase: selectRandomRoundTripFlightsAndVerifyPrice( 1, 3 )
28-04-2019 17:57:21 INFO  TestNGListener:62  - ////________________________________________________________________
28-04-2019 17:57:21 INFO  TestNGListener:63  - //// Status: PASSED
28-04-2019 17:57:21 INFO  TestNGListener:64  - ////________________________________________________________________
28-04-2019 17:57:21 INFO  TestNGListener:65  - //// Total Duration: 0.687 seconds
28-04-2019 17:57:21 INFO  TestNGListener:66  - ////________________________________________________________________
28-04-2019 17:57:21 INFO  TestNGListener:67  - ////////////////////////////////////////////////////////////////////
28-04-2019 17:57:21 INFO  TestNGListener:45  - ********************************************************************
28-04-2019 17:57:21 INFO  TestNGListener:46  - $$  Executing TestCase: --> selectRandomRoundTripFlightsAndVerifyPrice( 1, 2 )  $$
28-04-2019 17:57:21 INFO  TestNGListener:47  - $$  Test Description: Select random RoundTrip flights and verify prices
28-04-2019 17:57:21 INFO  TestNGListener:48  - ********************************************************************
28-04-2019 17:57:22 INFO  SearchPage:199  - Departure Flight price found at index: 1 --> Rs 14,653
28-04-2019 17:57:22 INFO  SearchPage:202  - Return Flight price found at index: 2 --> Rs 6,291
28-04-2019 17:57:22 INFO  SearchPage:281  - Verify Price: SelectedPrice = Rs 14,653, FooterPrice = Rs 14,653 Status --> true
28-04-2019 17:57:22 INFO  SearchPage:281  - Verify Price: SelectedPrice = Rs 6,291, FooterPrice = Rs 6,291 Status --> true
28-04-2019 17:57:22 INFO  SearchPage:306  - Verify Total Footer Price: Actual Price (Departure(Rs 14,653) + Return(Rs 6,291)) = 20944, Expected Price = (Actual (Rs 20,944) + Discount (0) = 20944) Status --> true
28-04-2019 17:57:22 INFO  TestNGListener:59  - ////////////////////////////////////////////////////////////////////
28-04-2019 17:57:22 INFO  TestNGListener:60  - ////________________________________________________________________
28-04-2019 17:57:22 INFO  TestNGListener:61  - //// TestCase: selectRandomRoundTripFlightsAndVerifyPrice( 1, 2 )
28-04-2019 17:57:22 INFO  TestNGListener:62  - ////________________________________________________________________
28-04-2019 17:57:22 INFO  TestNGListener:63  - //// Status: PASSED
28-04-2019 17:57:22 INFO  TestNGListener:64  - ////________________________________________________________________
28-04-2019 17:57:22 INFO  TestNGListener:65  - //// Total Duration: 1.255 seconds
28-04-2019 17:57:22 INFO  TestNGListener:66  - ////________________________________________________________________
28-04-2019 17:57:22 INFO  TestNGListener:67  - ////////////////////////////////////////////////////////////////////
28-04-2019 17:57:22 INFO  TestNGListener:45  - ********************************************************************
28-04-2019 17:57:22 INFO  TestNGListener:46  - $$  Executing TestCase: --> selectRandomRoundTripFlightsAndVerifyPrice( 1, 6 )  $$
28-04-2019 17:57:22 INFO  TestNGListener:47  - $$  Test Description: Select random RoundTrip flights and verify prices
28-04-2019 17:57:22 INFO  TestNGListener:48  - ********************************************************************
28-04-2019 17:57:22 INFO  SearchPage:199  - Departure Flight price found at index: 1 --> Rs 14,653
28-04-2019 17:57:22 INFO  SearchPage:202  - Return Flight price found at index: 6 --> Rs 6,841
28-04-2019 17:57:22 INFO  SearchPage:281  - Verify Price: SelectedPrice = Rs 14,653, FooterPrice = Rs 14,653 Status --> true
28-04-2019 17:57:22 INFO  SearchPage:281  - Verify Price: SelectedPrice = Rs 6,841, FooterPrice = Rs 6,841 Status --> true
28-04-2019 17:57:22 INFO  SearchPage:306  - Verify Total Footer Price: Actual Price (Departure(Rs 14,653) + Return(Rs 6,841)) = 21494, Expected Price = (Actual (Rs 21,494) + Discount (0) = 21494) Status --> true
28-04-2019 17:57:22 INFO  TestNGListener:59  - ////////////////////////////////////////////////////////////////////
28-04-2019 17:57:22 INFO  TestNGListener:60  - ////________________________________________________________________
28-04-2019 17:57:22 INFO  TestNGListener:61  - //// TestCase: selectRandomRoundTripFlightsAndVerifyPrice( 1, 6 )
28-04-2019 17:57:22 INFO  TestNGListener:62  - ////________________________________________________________________
28-04-2019 17:57:22 INFO  TestNGListener:63  - //// Status: PASSED
28-04-2019 17:57:22 INFO  TestNGListener:64  - ////________________________________________________________________
28-04-2019 17:57:22 INFO  TestNGListener:65  - //// Total Duration: 0.61 seconds
28-04-2019 17:57:22 INFO  TestNGListener:66  - ////________________________________________________________________
28-04-2019 17:57:22 INFO  TestNGListener:67  - ////////////////////////////////////////////////////////////////////
28-04-2019 17:57:23 INFO  DriverBase:84  - Browser closed...
28-04-2019 17:57:23 INFO  TestNGListener:37  - ////___________________________ END _______________________________
28-04-2019 17:57:23 INFO  TestNGListener:38  - ///////////////////////////////////////////////////////////////////
28-04-2019 20:19:16 INFO  TestNGListener:30  - 

28-04-2019 20:19:16 INFO  TestNGListener:31  - ///////////////////////////////////////////////////////////////////
28-04-2019 20:19:16 INFO  TestNGListener:32  - ////__________________________ START ______________________________
28-04-2019 20:19:16 INFO  BrowserFactory:40  - Setting browser: 'chrome', headless: 'false'
28-04-2019 20:19:16 INFO  BrowserFactory:119  - Selected Platform: Windows 10
28-04-2019 20:19:19 INFO  DriverBase:43  - Browser launched: chrome
28-04-2019 20:19:19 INFO  DriverBase:119  - Maximize browser window
28-04-2019 20:19:20 INFO  DriverBase:105  - Setting ImplicitWait: 30
28-04-2019 20:19:20 INFO  DriverBase:95  - Setting PageLoadTimeout: 60
28-04-2019 20:19:20 INFO  DriverBase:124  - Opening URL: https://www.makemytrip.com
28-04-2019 20:19:23 INFO  TestNGListener:45  - ********************************************************************
28-04-2019 20:19:23 INFO  TestNGListener:46  - $$  Executing TestCase: --> verifyTitle( )  $$
28-04-2019 20:19:23 INFO  TestNGListener:47  - $$  Test Description: Verify HomePage title
28-04-2019 20:19:23 INFO  TestNGListener:48  - ********************************************************************
28-04-2019 20:19:23 INFO  DriverBase:90  - Page Title: MakeMyTrip - #1 Travel Website 50% OFF on Hotels, Flights &amp; Holiday
28-04-2019 20:19:23 INFO  TestNGListener:59  - ////////////////////////////////////////////////////////////////////
28-04-2019 20:19:23 INFO  TestNGListener:60  - ////________________________________________________________________
28-04-2019 20:19:23 INFO  TestNGListener:61  - //// TestCase: verifyTitle( )
28-04-2019 20:19:23 INFO  TestNGListener:62  - ////________________________________________________________________
28-04-2019 20:19:23 INFO  TestNGListener:63  - //// Status: PASSED
28-04-2019 20:19:23 INFO  TestNGListener:64  - ////________________________________________________________________
28-04-2019 20:19:23 INFO  TestNGListener:65  - //// Total Duration: 0.042 seconds
28-04-2019 20:19:23 INFO  TestNGListener:66  - ////________________________________________________________________
28-04-2019 20:19:23 INFO  TestNGListener:67  - ////////////////////////////////////////////////////////////////////
28-04-2019 20:19:23 INFO  TestNGListener:45  - ********************************************************************
28-04-2019 20:19:23 INFO  TestNGListener:46  - $$  Executing TestCase: --> verifyHomePageSearch( )  $$
28-04-2019 20:19:23 INFO  TestNGListener:47  - $$  Test Description: Verify HomePage basic Search functionality
28-04-2019 20:19:23 INFO  TestNGListener:48  - ********************************************************************
28-04-2019 20:19:27 INFO  HomePage:77  - Selected 'From' city: Delhi, India Delhi Airport DEL
28-04-2019 20:19:29 INFO  HomePage:116  - Selected 'To' city: Bangalore, India Kempegowda International Airport BLR
28-04-2019 20:19:30 INFO  HomePage:193  - Selected date: 28-April-2019
28-04-2019 20:19:30 INFO  HomePage:193  - Selected date: 05-May-2019
28-04-2019 20:19:32 INFO  HomePage:249  - Clicked on Search button
28-04-2019 20:19:32 INFO  SearchPage:258  - Actual 'From' city: Delhi, India, Expected 'From' city: DELHI
28-04-2019 20:19:32 INFO  SearchPage:259  - Actual 'To' city: Bangalore, India, Expected 'To' city: BANGALORE
28-04-2019 20:19:32 INFO  SearchPage:260  - Actual Departure date: 28-April-2019, Expected Departure date: 28-April-2019
28-04-2019 20:19:32 INFO  SearchPage:261  - Actual Return date: 05-May-2019, Expected Return date: 05-May-2019
28-04-2019 20:19:32 INFO  TestNGListener:59  - ////////////////////////////////////////////////////////////////////
28-04-2019 20:19:32 INFO  TestNGListener:60  - ////________________________________________________________________
28-04-2019 20:19:32 INFO  TestNGListener:61  - //// TestCase: verifyHomePageSearch( )
28-04-2019 20:19:32 INFO  TestNGListener:62  - ////________________________________________________________________
28-04-2019 20:19:32 INFO  TestNGListener:63  - //// Status: PASSED
28-04-2019 20:19:32 INFO  TestNGListener:64  - ////________________________________________________________________
28-04-2019 20:19:32 INFO  TestNGListener:65  - //// Total Duration: 8.928 seconds
28-04-2019 20:19:32 INFO  TestNGListener:66  - ////________________________________________________________________
28-04-2019 20:19:32 INFO  TestNGListener:67  - ////////////////////////////////////////////////////////////////////
28-04-2019 20:19:33 INFO  DriverBase:84  - Browser closed...
28-04-2019 20:19:33 INFO  TestNGListener:37  - ////___________________________ END _______________________________
28-04-2019 20:19:33 INFO  TestNGListener:38  - ///////////////////////////////////////////////////////////////////
28-04-2019 20:19:34 INFO  TestNGListener:30  - 

28-04-2019 20:19:34 INFO  TestNGListener:31  - ///////////////////////////////////////////////////////////////////
28-04-2019 20:19:34 INFO  TestNGListener:32  - ////__________________________ START ______________________________
28-04-2019 20:19:34 INFO  BrowserFactory:40  - Setting browser: 'chrome', headless: 'false'
28-04-2019 20:19:34 INFO  BrowserFactory:119  - Selected Platform: Windows 10
28-04-2019 20:19:36 INFO  DriverBase:43  - Browser launched: chrome
28-04-2019 20:19:36 INFO  DriverBase:119  - Maximize browser window
28-04-2019 20:19:37 INFO  DriverBase:105  - Setting ImplicitWait: 30
28-04-2019 20:19:37 INFO  DriverBase:95  - Setting PageLoadTimeout: 60
28-04-2019 20:19:37 INFO  DriverBase:124  - Opening URL: https://www.makemytrip.com
28-04-2019 20:19:42 INFO  HomePage:77  - Selected 'From' city: Delhi, India Delhi Airport DEL
28-04-2019 20:19:44 INFO  HomePage:116  - Selected 'To' city: Bangalore, India Kempegowda International Airport BLR
28-04-2019 20:19:45 INFO  HomePage:193  - Selected date: 28-April-2019
28-04-2019 20:19:46 INFO  HomePage:193  - Selected date: 05-May-2019
28-04-2019 20:19:51 INFO  HomePage:249  - Clicked on Search button
28-04-2019 20:19:51 INFO  TestNGListener:45  - ********************************************************************
28-04-2019 20:19:51 INFO  TestNGListener:46  - $$  Executing TestCase: --> verifyTitle( )  $$
28-04-2019 20:19:51 INFO  TestNGListener:47  - $$  Test Description: Verify SearchPage title
28-04-2019 20:19:51 INFO  TestNGListener:48  - ********************************************************************
28-04-2019 20:19:51 INFO  DriverBase:90  - Page Title: Makemytrip
28-04-2019 20:19:51 INFO  TestNGListener:59  - ////////////////////////////////////////////////////////////////////
28-04-2019 20:19:51 INFO  TestNGListener:60  - ////________________________________________________________________
28-04-2019 20:19:51 INFO  TestNGListener:61  - //// TestCase: verifyTitle( )
28-04-2019 20:19:51 INFO  TestNGListener:62  - ////________________________________________________________________
28-04-2019 20:19:51 INFO  TestNGListener:63  - //// Status: PASSED
28-04-2019 20:19:51 INFO  TestNGListener:64  - ////________________________________________________________________
28-04-2019 20:19:51 INFO  TestNGListener:65  - //// Total Duration: 0.009 seconds
28-04-2019 20:19:51 INFO  TestNGListener:66  - ////________________________________________________________________
28-04-2019 20:19:51 INFO  TestNGListener:67  - ////////////////////////////////////////////////////////////////////
28-04-2019 20:19:51 INFO  TestNGListener:45  - ********************************************************************
28-04-2019 20:19:51 INFO  TestNGListener:46  - $$  Executing TestCase: --> displayRoundTripFlights( DEFAULT )  $$
28-04-2019 20:19:51 INFO  TestNGListener:47  - $$  Test Description: Display total no. of Departure and Return flights for different Stops
28-04-2019 20:19:51 INFO  TestNGListener:48  - ********************************************************************
28-04-2019 20:20:08 INFO  SearchPage:162  - Total no. of [DEFAULT] Departure Flights: 79
28-04-2019 20:20:08 INFO  SearchPage:163  - Total no. of [DEFAULT] Return Flights: 66
28-04-2019 20:20:08 INFO  TestNGListener:59  - ////////////////////////////////////////////////////////////////////
28-04-2019 20:20:08 INFO  TestNGListener:60  - ////________________________________________________________________
28-04-2019 20:20:08 INFO  TestNGListener:61  - //// TestCase: displayRoundTripFlights( DEFAULT )
28-04-2019 20:20:08 INFO  TestNGListener:62  - ////________________________________________________________________
28-04-2019 20:20:08 INFO  TestNGListener:63  - //// Status: PASSED
28-04-2019 20:20:08 INFO  TestNGListener:64  - ////________________________________________________________________
28-04-2019 20:20:08 INFO  TestNGListener:65  - //// Total Duration: 17.546 seconds
28-04-2019 20:20:08 INFO  TestNGListener:66  - ////________________________________________________________________
28-04-2019 20:20:08 INFO  TestNGListener:67  - ////////////////////////////////////////////////////////////////////
28-04-2019 20:20:08 INFO  TestNGListener:45  - ********************************************************************
28-04-2019 20:20:08 INFO  TestNGListener:46  - $$  Executing TestCase: --> displayRoundTripFlights( NONSTOP )  $$
28-04-2019 20:20:08 INFO  TestNGListener:47  - $$  Test Description: Display total no. of Departure and Return flights for different Stops
28-04-2019 20:20:08 INFO  TestNGListener:48  - ********************************************************************
28-04-2019 20:20:09 INFO  SearchPage:162  - Total no. of [NONSTOP] Departure Flights: 33
28-04-2019 20:20:09 INFO  SearchPage:163  - Total no. of [NONSTOP] Return Flights: 32
28-04-2019 20:20:09 INFO  TestNGListener:59  - ////////////////////////////////////////////////////////////////////
28-04-2019 20:20:09 INFO  TestNGListener:60  - ////________________________________________________________________
28-04-2019 20:20:09 INFO  TestNGListener:61  - //// TestCase: displayRoundTripFlights( NONSTOP )
28-04-2019 20:20:09 INFO  TestNGListener:62  - ////________________________________________________________________
28-04-2019 20:20:09 INFO  TestNGListener:63  - //// Status: PASSED
28-04-2019 20:20:09 INFO  TestNGListener:64  - ////________________________________________________________________
28-04-2019 20:20:09 INFO  TestNGListener:65  - //// Total Duration: 0.655 seconds
28-04-2019 20:20:09 INFO  TestNGListener:66  - ////________________________________________________________________
28-04-2019 20:20:09 INFO  TestNGListener:67  - ////////////////////////////////////////////////////////////////////
28-04-2019 20:20:09 INFO  TestNGListener:45  - ********************************************************************
28-04-2019 20:20:09 INFO  TestNGListener:46  - $$  Executing TestCase: --> displayRoundTripFlights( ONESTOP )  $$
28-04-2019 20:20:09 INFO  TestNGListener:47  - $$  Test Description: Display total no. of Departure and Return flights for different Stops
28-04-2019 20:20:09 INFO  TestNGListener:48  - ********************************************************************
28-04-2019 20:20:10 INFO  SearchPage:162  - Total no. of [ONESTOP] Departure Flights: 39
28-04-2019 20:20:10 INFO  SearchPage:163  - Total no. of [ONESTOP] Return Flights: 31
28-04-2019 20:20:10 INFO  TestNGListener:59  - ////////////////////////////////////////////////////////////////////
28-04-2019 20:20:10 INFO  TestNGListener:60  - ////________________________________________________________________
28-04-2019 20:20:10 INFO  TestNGListener:61  - //// TestCase: displayRoundTripFlights( ONESTOP )
28-04-2019 20:20:10 INFO  TestNGListener:62  - ////________________________________________________________________
28-04-2019 20:20:10 INFO  TestNGListener:63  - //// Status: PASSED
28-04-2019 20:20:10 INFO  TestNGListener:64  - ////________________________________________________________________
28-04-2019 20:20:10 INFO  TestNGListener:65  - //// Total Duration: 1.261 seconds
28-04-2019 20:20:10 INFO  TestNGListener:66  - ////________________________________________________________________
28-04-2019 20:20:10 INFO  TestNGListener:67  - ////////////////////////////////////////////////////////////////////
28-04-2019 20:20:11 INFO  TestNGListener:45  - ********************************************************************
28-04-2019 20:20:11 INFO  TestNGListener:46  - $$  Executing TestCase: --> selectRandomRoundTripFlightsAndVerifyPrice( 2, 8 )  $$
28-04-2019 20:20:11 INFO  TestNGListener:47  - $$  Test Description: Select random RoundTrip flights and verify prices
28-04-2019 20:20:11 INFO  TestNGListener:48  - ********************************************************************
28-04-2019 20:20:11 INFO  SearchPage:199  - Departure Flight price found at index: 2 --> Rs 9,448
28-04-2019 20:20:11 INFO  SearchPage:202  - Return Flight price found at index: 8 --> Rs 7,102
28-04-2019 20:20:12 INFO  SearchPage:281  - Verify Price: SelectedPrice = Rs 9,448, FooterPrice = Rs 9,448 Status --> true
28-04-2019 20:20:12 INFO  SearchPage:281  - Verify Price: SelectedPrice = Rs 7,102, FooterPrice = Rs 7,102 Status --> true
28-04-2019 20:20:12 INFO  SearchPage:306  - Verify Total Footer Price: Actual Price (Departure(Rs 9,448) + Return(Rs 7,102)) = 16550, Expected Price = (Actual (Rs 16,550) + Discount (0) = 16550) Status --> true
28-04-2019 20:20:12 INFO  TestNGListener:59  - ////////////////////////////////////////////////////////////////////
28-04-2019 20:20:12 INFO  TestNGListener:60  - ////________________________________________________________________
28-04-2019 20:20:12 INFO  TestNGListener:61  - //// TestCase: selectRandomRoundTripFlightsAndVerifyPrice( 2, 8 )
28-04-2019 20:20:12 INFO  TestNGListener:62  - ////________________________________________________________________
28-04-2019 20:20:12 INFO  TestNGListener:63  - //// Status: PASSED
28-04-2019 20:20:12 INFO  TestNGListener:64  - ////________________________________________________________________
28-04-2019 20:20:12 INFO  TestNGListener:65  - //// Total Duration: 1.9 seconds
28-04-2019 20:20:12 INFO  TestNGListener:66  - ////________________________________________________________________
28-04-2019 20:20:12 INFO  TestNGListener:67  - ////////////////////////////////////////////////////////////////////
28-04-2019 20:20:12 INFO  TestNGListener:45  - ********************************************************************
28-04-2019 20:20:12 INFO  TestNGListener:46  - $$  Executing TestCase: --> selectRandomRoundTripFlightsAndVerifyPrice( 7, 9 )  $$
28-04-2019 20:20:12 INFO  TestNGListener:47  - $$  Test Description: Select random RoundTrip flights and verify prices
28-04-2019 20:20:12 INFO  TestNGListener:48  - ********************************************************************
28-04-2019 20:20:13 INFO  SearchPage:199  - Departure Flight price found at index: 7 --> Rs 9,852
28-04-2019 20:20:13 INFO  SearchPage:202  - Return Flight price found at index: 9 --> Rs 7,102
28-04-2019 20:20:13 INFO  SearchPage:281  - Verify Price: SelectedPrice = Rs 9,852, FooterPrice = Rs 9,852 Status --> true
28-04-2019 20:20:13 INFO  SearchPage:281  - Verify Price: SelectedPrice = Rs 7,102, FooterPrice = Rs 7,102 Status --> true
28-04-2019 20:20:13 INFO  SearchPage:306  - Verify Total Footer Price: Actual Price (Departure(Rs 9,852) + Return(Rs 7,102)) = 16954, Expected Price = (Actual (Rs 16,954) + Discount (0) = 16954) Status --> true
28-04-2019 20:20:13 INFO  TestNGListener:59  - ////////////////////////////////////////////////////////////////////
28-04-2019 20:20:13 INFO  TestNGListener:60  - ////________________________________________________________________
28-04-2019 20:20:13 INFO  TestNGListener:61  - //// TestCase: selectRandomRoundTripFlightsAndVerifyPrice( 7, 9 )
28-04-2019 20:20:13 INFO  TestNGListener:62  - ////________________________________________________________________
28-04-2019 20:20:13 INFO  TestNGListener:63  - //// Status: PASSED
28-04-2019 20:20:13 INFO  TestNGListener:64  - ////________________________________________________________________
28-04-2019 20:20:13 INFO  TestNGListener:65  - //// Total Duration: 0.749 seconds
28-04-2019 20:20:13 INFO  TestNGListener:66  - ////________________________________________________________________
28-04-2019 20:20:13 INFO  TestNGListener:67  - ////////////////////////////////////////////////////////////////////
28-04-2019 20:20:13 INFO  TestNGListener:45  - ********************************************************************
28-04-2019 20:20:13 INFO  TestNGListener:46  - $$  Executing TestCase: --> selectRandomRoundTripFlightsAndVerifyPrice( 9, 8 )  $$
28-04-2019 20:20:13 INFO  TestNGListener:47  - $$  Test Description: Select random RoundTrip flights and verify prices
28-04-2019 20:20:13 INFO  TestNGListener:48  - ********************************************************************
28-04-2019 20:20:14 INFO  SearchPage:199  - Departure Flight price found at index: 9 --> Rs 10,124
28-04-2019 20:20:14 INFO  SearchPage:202  - Return Flight price found at index: 8 --> Rs 7,102
28-04-2019 20:20:14 INFO  SearchPage:281  - Verify Price: SelectedPrice = Rs 10,124, FooterPrice = Rs 10,124 Status --> true
28-04-2019 20:20:14 INFO  SearchPage:281  - Verify Price: SelectedPrice = Rs 7,102, FooterPrice = Rs 7,102 Status --> true
28-04-2019 20:20:14 INFO  SearchPage:306  - Verify Total Footer Price: Actual Price (Departure(Rs 10,124) + Return(Rs 7,102)) = 17226, Expected Price = (Actual (Rs 17,122) + Discount (104) = 17226) Status --> true
28-04-2019 20:20:14 INFO  TestNGListener:59  - ////////////////////////////////////////////////////////////////////
28-04-2019 20:20:14 INFO  TestNGListener:60  - ////________________________________________________________________
28-04-2019 20:20:14 INFO  TestNGListener:61  - //// TestCase: selectRandomRoundTripFlightsAndVerifyPrice( 9, 8 )
28-04-2019 20:20:14 INFO  TestNGListener:62  - ////________________________________________________________________
28-04-2019 20:20:14 INFO  TestNGListener:63  - //// Status: PASSED
28-04-2019 20:20:14 INFO  TestNGListener:64  - ////________________________________________________________________
28-04-2019 20:20:14 INFO  TestNGListener:65  - //// Total Duration: 0.815 seconds
28-04-2019 20:20:14 INFO  TestNGListener:66  - ////________________________________________________________________
28-04-2019 20:20:14 INFO  TestNGListener:67  - ////////////////////////////////////////////////////////////////////
28-04-2019 20:20:14 INFO  TestNGListener:45  - ********************************************************************
28-04-2019 20:20:14 INFO  TestNGListener:46  - $$  Executing TestCase: --> selectRandomRoundTripFlightsAndVerifyPrice( 1, 5 )  $$
28-04-2019 20:20:14 INFO  TestNGListener:47  - $$  Test Description: Select random RoundTrip flights and verify prices
28-04-2019 20:20:14 INFO  TestNGListener:48  - ********************************************************************
28-04-2019 20:20:14 INFO  SearchPage:199  - Departure Flight price found at index: 1 --> Rs 8,802
28-04-2019 20:20:15 INFO  SearchPage:202  - Return Flight price found at index: 5 --> Rs 6,841
28-04-2019 20:20:15 INFO  SearchPage:281  - Verify Price: SelectedPrice = Rs 8,802, FooterPrice = Rs 8,802 Status --> true
28-04-2019 20:20:15 INFO  SearchPage:281  - Verify Price: SelectedPrice = Rs 6,841, FooterPrice = Rs 6,841 Status --> true
28-04-2019 20:20:15 INFO  SearchPage:306  - Verify Total Footer Price: Actual Price (Departure(Rs 8,802) + Return(Rs 6,841)) = 15643, Expected Price = (Actual (Rs 15,537) + Discount (106) = 15643) Status --> true
28-04-2019 20:20:15 INFO  TestNGListener:59  - ////////////////////////////////////////////////////////////////////
28-04-2019 20:20:15 INFO  TestNGListener:60  - ////________________________________________________________________
28-04-2019 20:20:15 INFO  TestNGListener:61  - //// TestCase: selectRandomRoundTripFlightsAndVerifyPrice( 1, 5 )
28-04-2019 20:20:15 INFO  TestNGListener:62  - ////________________________________________________________________
28-04-2019 20:20:15 INFO  TestNGListener:63  - //// Status: PASSED
28-04-2019 20:20:15 INFO  TestNGListener:64  - ////________________________________________________________________
28-04-2019 20:20:15 INFO  TestNGListener:65  - //// Total Duration: 0.943 seconds
28-04-2019 20:20:15 INFO  TestNGListener:66  - ////________________________________________________________________
28-04-2019 20:20:15 INFO  TestNGListener:67  - ////////////////////////////////////////////////////////////////////
28-04-2019 20:20:16 INFO  DriverBase:84  - Browser closed...
28-04-2019 20:20:16 INFO  TestNGListener:37  - ////___________________________ END _______________________________
28-04-2019 20:20:16 INFO  TestNGListener:38  - ///////////////////////////////////////////////////////////////////
06-05-2019 01:26:36 INFO  TestNGListener:30  - 

06-05-2019 01:26:36 INFO  TestNGListener:31  - ///////////////////////////////////////////////////////////////////
06-05-2019 01:26:36 INFO  TestNGListener:32  - ////__________________________ START ______________________________
06-05-2019 01:26:36 INFO  BrowserFactory:40  - Setting browser: 'chrome', headless: 'false'
06-05-2019 01:26:36 INFO  BrowserFactory:119  - Selected Platform: Windows 10
06-05-2019 01:26:41 INFO  DriverBase:43  - Browser launched: chrome
06-05-2019 01:26:41 INFO  DriverBase:119  - Maximize browser window
06-05-2019 01:26:43 INFO  DriverBase:105  - Setting ImplicitWait: 30
06-05-2019 01:26:43 INFO  DriverBase:95  - Setting PageLoadTimeout: 60
06-05-2019 01:26:43 INFO  DriverBase:124  - Opening URL: https://www.makemytrip.com
06-05-2019 01:26:52 INFO  HomePage:77  - Selected 'From' city: Delhi, India Delhi Airport DEL
06-05-2019 01:26:55 INFO  HomePage:116  - Selected 'To' city: Bangalore, India Kempegowda International Airport BLR
06-05-2019 01:26:55 INFO  HomePage:193  - Selected date: 06-May-2019
06-05-2019 01:26:56 INFO  HomePage:193  - Selected date: 13-May-2019
06-05-2019 01:26:59 INFO  HomePage:249  - Clicked on Search button
06-05-2019 01:26:59 INFO  TestNGListener:45  - ********************************************************************
06-05-2019 01:26:59 INFO  TestNGListener:46  - $$  Executing TestCase: --> verifyTitle( )  $$
06-05-2019 01:26:59 INFO  TestNGListener:47  - $$  Test Description: Verify SearchPage title
06-05-2019 01:26:59 INFO  TestNGListener:48  - ********************************************************************
06-05-2019 01:26:59 INFO  DriverBase:90  - Page Title: Makemytrip
06-05-2019 01:26:59 INFO  TestNGListener:59  - ////////////////////////////////////////////////////////////////////
06-05-2019 01:26:59 INFO  TestNGListener:60  - ////________________________________________________________________
06-05-2019 01:26:59 INFO  TestNGListener:61  - //// TestCase: verifyTitle( )
06-05-2019 01:26:59 INFO  TestNGListener:62  - ////________________________________________________________________
06-05-2019 01:26:59 INFO  TestNGListener:63  - //// Status: PASSED
06-05-2019 01:26:59 INFO  TestNGListener:64  - ////________________________________________________________________
06-05-2019 01:26:59 INFO  TestNGListener:65  - //// Total Duration: 0.131 seconds
06-05-2019 01:26:59 INFO  TestNGListener:66  - ////________________________________________________________________
06-05-2019 01:26:59 INFO  TestNGListener:67  - ////////////////////////////////////////////////////////////////////
06-05-2019 01:26:59 INFO  TestNGListener:45  - ********************************************************************
06-05-2019 01:26:59 INFO  TestNGListener:46  - $$  Executing TestCase: --> displayRoundTripFlights( DEFAULT )  $$
06-05-2019 01:26:59 INFO  TestNGListener:47  - $$  Test Description: Display total no. of Departure and Return flights for different Stops
06-05-2019 01:26:59 INFO  TestNGListener:48  - ********************************************************************
06-05-2019 01:27:09 INFO  SearchPage:161  - Total no. of [DEFAULT] Departure Flights: 75
06-05-2019 01:27:09 INFO  SearchPage:162  - Total no. of [DEFAULT] Return Flights: 77
06-05-2019 01:27:09 INFO  TestNGListener:59  - ////////////////////////////////////////////////////////////////////
06-05-2019 01:27:09 INFO  TestNGListener:60  - ////________________________________________________________________
06-05-2019 01:27:09 INFO  TestNGListener:61  - //// TestCase: displayRoundTripFlights( DEFAULT )
06-05-2019 01:27:09 INFO  TestNGListener:62  - ////________________________________________________________________
06-05-2019 01:27:09 INFO  TestNGListener:63  - //// Status: PASSED
06-05-2019 01:27:09 INFO  TestNGListener:64  - ////________________________________________________________________
06-05-2019 01:27:09 INFO  TestNGListener:65  - //// Total Duration: 9.315 seconds
06-05-2019 01:27:09 INFO  TestNGListener:66  - ////________________________________________________________________
06-05-2019 01:27:09 INFO  TestNGListener:67  - ////////////////////////////////////////////////////////////////////
06-05-2019 01:27:09 INFO  TestNGListener:45  - ********************************************************************
06-05-2019 01:27:09 INFO  TestNGListener:46  - $$  Executing TestCase: --> displayRoundTripFlights( NONSTOP )  $$
06-05-2019 01:27:09 INFO  TestNGListener:47  - $$  Test Description: Display total no. of Departure and Return flights for different Stops
06-05-2019 01:27:09 INFO  TestNGListener:48  - ********************************************************************
06-05-2019 01:27:11 INFO  SearchPage:161  - Total no. of [NONSTOP] Departure Flights: 27
06-05-2019 01:27:11 INFO  SearchPage:162  - Total no. of [NONSTOP] Return Flights: 36
06-05-2019 01:27:11 INFO  TestNGListener:59  - ////////////////////////////////////////////////////////////////////
06-05-2019 01:27:11 INFO  TestNGListener:60  - ////________________________________________________________________
06-05-2019 01:27:11 INFO  TestNGListener:61  - //// TestCase: displayRoundTripFlights( NONSTOP )
06-05-2019 01:27:11 INFO  TestNGListener:62  - ////________________________________________________________________
06-05-2019 01:27:11 INFO  TestNGListener:63  - //// Status: PASSED
06-05-2019 01:27:11 INFO  TestNGListener:64  - ////________________________________________________________________
06-05-2019 01:27:11 INFO  TestNGListener:65  - //// Total Duration: 1.982 seconds
06-05-2019 01:27:11 INFO  TestNGListener:66  - ////________________________________________________________________
06-05-2019 01:27:11 INFO  TestNGListener:67  - ////////////////////////////////////////////////////////////////////
06-05-2019 01:27:11 INFO  TestNGListener:45  - ********************************************************************
06-05-2019 01:27:11 INFO  TestNGListener:46  - $$  Executing TestCase: --> displayRoundTripFlights( ONESTOP )  $$
06-05-2019 01:27:11 INFO  TestNGListener:47  - $$  Test Description: Display total no. of Departure and Return flights for different Stops
06-05-2019 01:27:11 INFO  TestNGListener:48  - ********************************************************************
06-05-2019 01:27:13 INFO  SearchPage:161  - Total no. of [ONESTOP] Departure Flights: 40
06-05-2019 01:27:13 INFO  SearchPage:162  - Total no. of [ONESTOP] Return Flights: 36
06-05-2019 01:27:13 INFO  TestNGListener:59  - ////////////////////////////////////////////////////////////////////
06-05-2019 01:27:13 INFO  TestNGListener:60  - ////________________________________________________________________
06-05-2019 01:27:13 INFO  TestNGListener:61  - //// TestCase: displayRoundTripFlights( ONESTOP )
06-05-2019 01:27:13 INFO  TestNGListener:62  - ////________________________________________________________________
06-05-2019 01:27:13 INFO  TestNGListener:63  - //// Status: PASSED
06-05-2019 01:27:13 INFO  TestNGListener:64  - ////________________________________________________________________
06-05-2019 01:27:13 INFO  TestNGListener:65  - //// Total Duration: 2.06 seconds
06-05-2019 01:27:13 INFO  TestNGListener:66  - ////________________________________________________________________
06-05-2019 01:27:13 INFO  TestNGListener:67  - ////////////////////////////////////////////////////////////////////
06-05-2019 01:27:13 INFO  TestNGListener:45  - ********************************************************************
06-05-2019 01:27:13 INFO  TestNGListener:46  - $$  Executing TestCase: --> selectRandomRoundTripFlightsByIndexAndVerifyPrice( 2, 9 )  $$
06-05-2019 01:27:13 INFO  TestNGListener:47  - $$  Test Description: Select random RoundTrip flights by index and verify prices
06-05-2019 01:27:13 INFO  TestNGListener:48  - ********************************************************************
06-05-2019 01:27:15 INFO  SearchPage:198  - Departure Flight price found at index: 2 --> Rs 11,008
06-05-2019 01:27:15 INFO  SearchPage:201  - Return Flight price found at index: 9 --> Rs 6,663
06-05-2019 01:27:15 INFO  SearchPage:280  - Verify Price: SelectedPrice = Rs 11,008, FooterPrice = Rs 11,008 Status --> true
06-05-2019 01:27:15 INFO  SearchPage:280  - Verify Price: SelectedPrice = Rs 6,663, FooterPrice = Rs 6,663 Status --> true
06-05-2019 01:27:16 INFO  SearchPage:305  - Verify Total Footer Price: Actual Price (Departure(Rs 11,008) + Return(Rs 6,663)) = 17671, Expected Price = (Actual (Rs 17,671) + Discount (0) = 17671) Status --> true
06-05-2019 01:27:16 INFO  TestNGListener:59  - ////////////////////////////////////////////////////////////////////
06-05-2019 01:27:16 INFO  TestNGListener:60  - ////________________________________________________________________
06-05-2019 01:27:16 INFO  TestNGListener:61  - //// TestCase: selectRandomRoundTripFlightsByIndexAndVerifyPrice( 2, 9 )
06-05-2019 01:27:16 INFO  TestNGListener:62  - ////________________________________________________________________
06-05-2019 01:27:16 INFO  TestNGListener:63  - //// Status: PASSED
06-05-2019 01:27:16 INFO  TestNGListener:64  - ////________________________________________________________________
06-05-2019 01:27:16 INFO  TestNGListener:65  - //// Total Duration: 2.247 seconds
06-05-2019 01:27:16 INFO  TestNGListener:66  - ////________________________________________________________________
06-05-2019 01:27:16 INFO  TestNGListener:67  - ////////////////////////////////////////////////////////////////////
06-05-2019 01:27:16 INFO  TestNGListener:45  - ********************************************************************
06-05-2019 01:27:16 INFO  TestNGListener:46  - $$  Executing TestCase: --> selectRandomRoundTripFlightsByIndexAndVerifyPrice( 9, 3 )  $$
06-05-2019 01:27:16 INFO  TestNGListener:47  - $$  Test Description: Select random RoundTrip flights by index and verify prices
06-05-2019 01:27:16 INFO  TestNGListener:48  - ********************************************************************
06-05-2019 01:27:17 INFO  SearchPage:198  - Departure Flight price found at index: 9 --> Rs 12,136
06-05-2019 01:27:17 INFO  SearchPage:201  - Return Flight price found at index: 3 --> Rs 6,371
06-05-2019 01:27:17 INFO  SearchPage:280  - Verify Price: SelectedPrice = Rs 12,136, FooterPrice = Rs 12,136 Status --> true
06-05-2019 01:27:17 INFO  SearchPage:280  - Verify Price: SelectedPrice = Rs 6,371, FooterPrice = Rs 6,371 Status --> true
06-05-2019 01:27:17 INFO  SearchPage:305  - Verify Total Footer Price: Actual Price (Departure(Rs 12,136) + Return(Rs 6,371)) = 18507, Expected Price = (Actual (Rs 18,507) + Discount (0) = 18507) Status --> true
06-05-2019 01:27:17 INFO  TestNGListener:59  - ////////////////////////////////////////////////////////////////////
06-05-2019 01:27:17 INFO  TestNGListener:60  - ////________________________________________________________________
06-05-2019 01:27:17 INFO  TestNGListener:61  - //// TestCase: selectRandomRoundTripFlightsByIndexAndVerifyPrice( 9, 3 )
06-05-2019 01:27:17 INFO  TestNGListener:62  - ////________________________________________________________________
06-05-2019 01:27:17 INFO  TestNGListener:63  - //// Status: PASSED
06-05-2019 01:27:17 INFO  TestNGListener:64  - ////________________________________________________________________
06-05-2019 01:27:17 INFO  TestNGListener:65  - //// Total Duration: 1.484 seconds
06-05-2019 01:27:17 INFO  TestNGListener:66  - ////________________________________________________________________
06-05-2019 01:27:17 INFO  TestNGListener:67  - ////////////////////////////////////////////////////////////////////
06-05-2019 01:27:17 INFO  TestNGListener:45  - ********************************************************************
06-05-2019 01:27:17 INFO  TestNGListener:46  - $$  Executing TestCase: --> selectRandomRoundTripFlightsByIndexAndVerifyPrice( 6, 8 )  $$
06-05-2019 01:27:17 INFO  TestNGListener:47  - $$  Test Description: Select random RoundTrip flights by index and verify prices
06-05-2019 01:27:17 INFO  TestNGListener:48  - ********************************************************************
06-05-2019 01:27:18 INFO  SearchPage:198  - Departure Flight price found at index: 6 --> Rs 11,720
06-05-2019 01:27:18 INFO  SearchPage:201  - Return Flight price found at index: 8 --> Rs 6,662
06-05-2019 01:27:18 INFO  SearchPage:280  - Verify Price: SelectedPrice = Rs 11,720, FooterPrice = Rs 11,720 Status --> true
06-05-2019 01:27:18 INFO  SearchPage:280  - Verify Price: SelectedPrice = Rs 6,662, FooterPrice = Rs 6,662 Status --> true
06-05-2019 01:27:19 INFO  SearchPage:305  - Verify Total Footer Price: Actual Price (Departure(Rs 11,720) + Return(Rs 6,662)) = 18382, Expected Price = (Actual (Rs 18,278) + Discount (104) = 18382) Status --> true
06-05-2019 01:27:19 INFO  TestNGListener:59  - ////////////////////////////////////////////////////////////////////
06-05-2019 01:27:19 INFO  TestNGListener:60  - ////________________________________________________________________
06-05-2019 01:27:19 INFO  TestNGListener:61  - //// TestCase: selectRandomRoundTripFlightsByIndexAndVerifyPrice( 6, 8 )
06-05-2019 01:27:19 INFO  TestNGListener:62  - ////________________________________________________________________
06-05-2019 01:27:19 INFO  TestNGListener:63  - //// Status: PASSED
06-05-2019 01:27:19 INFO  TestNGListener:64  - ////________________________________________________________________
06-05-2019 01:27:19 INFO  TestNGListener:65  - //// Total Duration: 1.725 seconds
06-05-2019 01:27:19 INFO  TestNGListener:66  - ////________________________________________________________________
06-05-2019 01:27:19 INFO  TestNGListener:67  - ////////////////////////////////////////////////////////////////////
06-05-2019 01:27:19 INFO  TestNGListener:45  - ********************************************************************
06-05-2019 01:27:19 INFO  TestNGListener:46  - $$  Executing TestCase: --> selectRandomRoundTripFlightsByIndexAndVerifyPrice( 8, 9 )  $$
06-05-2019 01:27:19 INFO  TestNGListener:47  - $$  Test Description: Select random RoundTrip flights by index and verify prices
06-05-2019 01:27:19 INFO  TestNGListener:48  - ********************************************************************
06-05-2019 01:27:20 INFO  SearchPage:198  - Departure Flight price found at index: 8 --> Rs 12,021
06-05-2019 01:27:20 INFO  SearchPage:201  - Return Flight price found at index: 9 --> Rs 6,663
06-05-2019 01:27:20 INFO  SearchPage:280  - Verify Price: SelectedPrice = Rs 12,021, FooterPrice = Rs 12,021 Status --> true
06-05-2019 01:27:20 INFO  SearchPage:280  - Verify Price: SelectedPrice = Rs 6,663, FooterPrice = Rs 6,663 Status --> true
06-05-2019 01:27:20 INFO  SearchPage:305  - Verify Total Footer Price: Actual Price (Departure(Rs 12,021) + Return(Rs 6,663)) = 18684, Expected Price = (Actual (Rs 18,684) + Discount (0) = 18684) Status --> true
06-05-2019 01:27:20 INFO  TestNGListener:59  - ////////////////////////////////////////////////////////////////////
06-05-2019 01:27:20 INFO  TestNGListener:60  - ////________________________________________________________________
06-05-2019 01:27:20 INFO  TestNGListener:61  - //// TestCase: selectRandomRoundTripFlightsByIndexAndVerifyPrice( 8, 9 )
06-05-2019 01:27:20 INFO  TestNGListener:62  - ////________________________________________________________________
06-05-2019 01:27:20 INFO  TestNGListener:63  - //// Status: PASSED
06-05-2019 01:27:20 INFO  TestNGListener:64  - ////________________________________________________________________
06-05-2019 01:27:20 INFO  TestNGListener:65  - //// Total Duration: 1.454 seconds
06-05-2019 01:27:20 INFO  TestNGListener:66  - ////________________________________________________________________
06-05-2019 01:27:20 INFO  TestNGListener:67  - ////////////////////////////////////////////////////////////////////
06-05-2019 01:27:21 INFO  DriverBase:84  - Browser closed...
06-05-2019 01:27:21 INFO  TestNGListener:37  - ////___________________________ END _______________________________
06-05-2019 01:27:21 INFO  TestNGListener:38  - ///////////////////////////////////////////////////////////////////
14-05-2019 19:28:42 INFO  TestNGListener:30  - 

14-05-2019 19:28:42 INFO  TestNGListener:31  - ///////////////////////////////////////////////////////////////////
14-05-2019 19:28:42 INFO  TestNGListener:32  - ////__________________________ START ______________________________
14-05-2019 19:28:42 INFO  BrowserFactory:40  - Setting browser: 'chrome', headless: 'false'
14-05-2019 19:28:42 INFO  BrowserFactory:119  - Selected Platform: Windows 10
14-05-2019 19:28:47 INFO  DriverBase:43  - Browser launched: chrome
14-05-2019 19:28:47 INFO  TestNGListener:37  - ////___________________________ END _______________________________
14-05-2019 19:28:47 INFO  TestNGListener:38  - ///////////////////////////////////////////////////////////////////
14-05-2019 19:29:12 INFO  TestNGListener:30  - 

14-05-2019 19:29:12 INFO  TestNGListener:31  - ///////////////////////////////////////////////////////////////////
14-05-2019 19:29:12 INFO  TestNGListener:32  - ////__________________________ START ______________________________
14-05-2019 19:29:12 INFO  BrowserFactory:40  - Setting browser: 'chrome', headless: 'false'
14-05-2019 19:29:12 INFO  BrowserFactory:119  - Selected Platform: Windows 10
14-05-2019 19:29:15 INFO  DriverBase:43  - Browser launched: chrome
14-05-2019 19:29:16 INFO  TestNGListener:37  - ////___________________________ END _______________________________
14-05-2019 19:29:16 INFO  TestNGListener:38  - ///////////////////////////////////////////////////////////////////
14-05-2019 19:30:10 INFO  TestNGListener:30  - 

14-05-2019 19:30:10 INFO  TestNGListener:31  - ///////////////////////////////////////////////////////////////////
14-05-2019 19:30:10 INFO  TestNGListener:32  - ////__________________________ START ______________________________
14-05-2019 19:30:10 INFO  BrowserFactory:40  - Setting browser: 'chrome', headless: 'false'
14-05-2019 19:30:10 INFO  BrowserFactory:119  - Selected Platform: Windows 10
14-05-2019 19:30:16 INFO  DriverBase:43  - Browser launched: chrome
14-05-2019 19:30:42 INFO  TestNGListener:30  - 

14-05-2019 19:30:42 INFO  TestNGListener:31  - ///////////////////////////////////////////////////////////////////
14-05-2019 19:30:42 INFO  TestNGListener:32  - ////__________________________ START ______________________________
14-05-2019 19:30:51 INFO  BrowserFactory:40  - Setting browser: 'chrome', headless: 'false'
14-05-2019 19:30:51 INFO  BrowserFactory:119  - Selected Platform: Windows 10
14-05-2019 19:33:45 INFO  TestNGListener:30  - 

14-05-2019 19:33:45 INFO  TestNGListener:31  - ///////////////////////////////////////////////////////////////////
14-05-2019 19:33:45 INFO  TestNGListener:32  - ////__________________________ START ______________________________
14-05-2019 19:33:45 INFO  BrowserFactory:40  - Setting browser: 'chrome', headless: 'false'
14-05-2019 19:33:45 INFO  BrowserFactory:119  - Selected Platform: Windows 10
14-05-2019 19:33:51 INFO  DriverBase:43  - Browser launched: chrome
14-05-2019 19:33:51 INFO  DriverBase:119  - Maximize browser window
14-05-2019 19:33:52 INFO  DriverBase:105  - Setting ImplicitWait: 30
14-05-2019 19:33:52 INFO  DriverBase:95  - Setting PageLoadTimeout: 60
14-05-2019 19:33:52 INFO  DriverBase:124  - Opening URL: https://www.makemytrip.com
14-05-2019 19:34:03 INFO  HomePage:77  - Selected 'From' city: Delhi, India Delhi Airport DEL
14-05-2019 19:34:06 INFO  HomePage:116  - Selected 'To' city: Bangalore, India Kempegowda International Airport BLR
14-05-2019 19:34:07 INFO  HomePage:193  - Selected date: 14-May-2019
14-05-2019 19:34:07 INFO  HomePage:193  - Selected date: 21-May-2019
14-05-2019 19:34:11 INFO  HomePage:249  - Clicked on Search button
14-05-2019 19:34:11 INFO  TestNGListener:45  - ********************************************************************
14-05-2019 19:34:11 INFO  TestNGListener:46  - $$  Executing TestCase: --> verifyTitle( )  $$
14-05-2019 19:34:11 INFO  TestNGListener:47  - $$  Test Description: Verify SearchPage title
14-05-2019 19:34:11 INFO  TestNGListener:48  - ********************************************************************
14-05-2019 19:34:11 INFO  DriverBase:90  - Page Title: Makemytrip
14-05-2019 19:34:11 INFO  TestNGListener:59  - ////////////////////////////////////////////////////////////////////
14-05-2019 19:34:11 INFO  TestNGListener:60  - ////________________________________________________________________
14-05-2019 19:34:11 INFO  TestNGListener:61  - //// TestCase: verifyTitle( )
14-05-2019 19:34:11 INFO  TestNGListener:62  - ////________________________________________________________________
14-05-2019 19:34:11 INFO  TestNGListener:63  - //// Status: PASSED
14-05-2019 19:34:11 INFO  TestNGListener:64  - ////________________________________________________________________
14-05-2019 19:34:11 INFO  TestNGListener:65  - //// Total Duration: 0.065 seconds
14-05-2019 19:34:11 INFO  TestNGListener:66  - ////________________________________________________________________
14-05-2019 19:34:11 INFO  TestNGListener:67  - ////////////////////////////////////////////////////////////////////
14-05-2019 19:34:11 INFO  TestNGListener:45  - ********************************************************************
14-05-2019 19:34:11 INFO  TestNGListener:46  - $$  Executing TestCase: --> displayRoundTripFlights( DEFAULT )  $$
14-05-2019 19:34:11 INFO  TestNGListener:47  - $$  Test Description: Display total no. of Departure and Return flights for different Stops
14-05-2019 19:34:11 INFO  TestNGListener:48  - ********************************************************************
14-05-2019 19:34:18 INFO  SearchPage:161  - Total no. of [DEFAULT] Departure Flights: 3
14-05-2019 19:34:18 INFO  SearchPage:162  - Total no. of [DEFAULT] Return Flights: 77
14-05-2019 19:34:18 INFO  TestNGListener:59  - ////////////////////////////////////////////////////////////////////
14-05-2019 19:34:18 INFO  TestNGListener:60  - ////________________________________________________________________
14-05-2019 19:34:18 INFO  TestNGListener:61  - //// TestCase: displayRoundTripFlights( DEFAULT )
14-05-2019 19:34:18 INFO  TestNGListener:62  - ////________________________________________________________________
14-05-2019 19:34:18 INFO  TestNGListener:63  - //// Status: PASSED
14-05-2019 19:34:18 INFO  TestNGListener:64  - ////________________________________________________________________
14-05-2019 19:34:18 INFO  TestNGListener:65  - //// Total Duration: 6.491 seconds
14-05-2019 19:34:18 INFO  TestNGListener:66  - ////________________________________________________________________
14-05-2019 19:34:18 INFO  TestNGListener:67  - ////////////////////////////////////////////////////////////////////
14-05-2019 19:34:18 INFO  TestNGListener:45  - ********************************************************************
14-05-2019 19:34:18 INFO  TestNGListener:46  - $$  Executing TestCase: --> displayRoundTripFlights( NONSTOP )  $$
14-05-2019 19:34:18 INFO  TestNGListener:47  - $$  Test Description: Display total no. of Departure and Return flights for different Stops
14-05-2019 19:34:18 INFO  TestNGListener:48  - ********************************************************************
14-05-2019 19:34:19 INFO  SearchPage:161  - Total no. of [NONSTOP] Departure Flights: 2
14-05-2019 19:34:19 INFO  SearchPage:162  - Total no. of [NONSTOP] Return Flights: 35
14-05-2019 19:34:19 INFO  TestNGListener:59  - ////////////////////////////////////////////////////////////////////
14-05-2019 19:34:19 INFO  TestNGListener:60  - ////________________________________________________________________
14-05-2019 19:34:19 INFO  TestNGListener:61  - //// TestCase: displayRoundTripFlights( NONSTOP )
14-05-2019 19:34:19 INFO  TestNGListener:62  - ////________________________________________________________________
14-05-2019 19:34:19 INFO  TestNGListener:63  - //// Status: PASSED
14-05-2019 19:34:19 INFO  TestNGListener:64  - ////________________________________________________________________
14-05-2019 19:34:19 INFO  TestNGListener:65  - //// Total Duration: 1.445 seconds
14-05-2019 19:34:19 INFO  TestNGListener:66  - ////________________________________________________________________
14-05-2019 19:34:19 INFO  TestNGListener:67  - ////////////////////////////////////////////////////////////////////
14-05-2019 19:34:19 INFO  TestNGListener:45  - ********************************************************************
14-05-2019 19:34:19 INFO  TestNGListener:46  - $$  Executing TestCase: --> displayRoundTripFlights( ONESTOP )  $$
14-05-2019 19:34:19 INFO  TestNGListener:47  - $$  Test Description: Display total no. of Departure and Return flights for different Stops
14-05-2019 19:34:19 INFO  TestNGListener:48  - ********************************************************************
14-05-2019 19:34:22 INFO  SearchPage:161  - Total no. of [ONESTOP] Departure Flights: 1
14-05-2019 19:34:22 INFO  SearchPage:162  - Total no. of [ONESTOP] Return Flights: 31
14-05-2019 19:34:22 INFO  TestNGListener:59  - ////////////////////////////////////////////////////////////////////
14-05-2019 19:34:22 INFO  TestNGListener:60  - ////________________________________________________________________
14-05-2019 19:34:22 INFO  TestNGListener:61  - //// TestCase: displayRoundTripFlights( ONESTOP )
14-05-2019 19:34:22 INFO  TestNGListener:62  - ////________________________________________________________________
14-05-2019 19:34:22 INFO  TestNGListener:63  - //// Status: PASSED
14-05-2019 19:34:22 INFO  TestNGListener:64  - ////________________________________________________________________
14-05-2019 19:34:22 INFO  TestNGListener:65  - //// Total Duration: 2.676 seconds
14-05-2019 19:34:22 INFO  TestNGListener:66  - ////________________________________________________________________
14-05-2019 19:34:22 INFO  TestNGListener:67  - ////////////////////////////////////////////////////////////////////
14-05-2019 19:34:22 INFO  TestNGListener:45  - ********************************************************************
14-05-2019 19:34:22 INFO  TestNGListener:46  - $$  Executing TestCase: --> selectRandomRoundTripFlightsByIndexAndVerifyPrice( 1, 4 )  $$
14-05-2019 19:34:22 INFO  TestNGListener:47  - $$  Test Description: Select random RoundTrip flights by index and verify prices
14-05-2019 19:34:22 INFO  TestNGListener:48  - ********************************************************************
14-05-2019 19:34:24 INFO  SearchPage:198  - Departure Flight price found at index: 1 --> Rs 16,963
14-05-2019 19:34:24 INFO  SearchPage:201  - Return Flight price found at index: 4 --> Rs 5,646
14-05-2019 19:34:24 INFO  SearchPage:280  - Verify Price: SelectedPrice = Rs 16,963, FooterPrice = Rs 16,963 Status --> true
14-05-2019 19:34:24 INFO  SearchPage:280  - Verify Price: SelectedPrice = Rs 5,646, FooterPrice = Rs 5,646 Status --> true
14-05-2019 19:34:24 INFO  SearchPage:305  - Verify Total Footer Price: Actual Price (Departure(Rs 16,963) + Return(Rs 5,646)) = 22609, Expected Price = (Actual (Rs 22,609) + Discount (0) = 22609) Status --> true
14-05-2019 19:34:24 INFO  TestNGListener:59  - ////////////////////////////////////////////////////////////////////
14-05-2019 19:34:24 INFO  TestNGListener:60  - ////________________________________________________________________
14-05-2019 19:34:24 INFO  TestNGListener:61  - //// TestCase: selectRandomRoundTripFlightsByIndexAndVerifyPrice( 1, 4 )
14-05-2019 19:34:24 INFO  TestNGListener:62  - ////________________________________________________________________
14-05-2019 19:34:24 INFO  TestNGListener:63  - //// Status: PASSED
14-05-2019 19:34:24 INFO  TestNGListener:64  - ////________________________________________________________________
14-05-2019 19:34:24 INFO  TestNGListener:65  - //// Total Duration: 2.23 seconds
14-05-2019 19:34:24 INFO  TestNGListener:66  - ////________________________________________________________________
14-05-2019 19:34:24 INFO  TestNGListener:67  - ////////////////////////////////////////////////////////////////////
14-05-2019 19:34:24 INFO  TestNGListener:45  - ********************************************************************
14-05-2019 19:34:24 INFO  TestNGListener:46  - $$  Executing TestCase: --> selectRandomRoundTripFlightsByIndexAndVerifyPrice( 1, 8 )  $$
14-05-2019 19:34:24 INFO  TestNGListener:47  - $$  Test Description: Select random RoundTrip flights by index and verify prices
14-05-2019 19:34:24 INFO  TestNGListener:48  - ********************************************************************
14-05-2019 19:34:25 INFO  SearchPage:198  - Departure Flight price found at index: 1 --> Rs 16,963
14-05-2019 19:34:25 INFO  SearchPage:201  - Return Flight price found at index: 8 --> Rs 5,948
14-05-2019 19:34:25 INFO  SearchPage:280  - Verify Price: SelectedPrice = Rs 16,963, FooterPrice = Rs 16,963 Status --> true
14-05-2019 19:34:26 INFO  SearchPage:280  - Verify Price: SelectedPrice = Rs 5,948, FooterPrice = Rs 5,948 Status --> true
14-05-2019 19:34:26 INFO  SearchPage:305  - Verify Total Footer Price: Actual Price (Departure(Rs 16,963) + Return(Rs 5,948)) = 22911, Expected Price = (Actual (Rs 22,911) + Discount (0) = 22911) Status --> true
14-05-2019 19:34:26 INFO  TestNGListener:59  - ////////////////////////////////////////////////////////////////////
14-05-2019 19:34:26 INFO  TestNGListener:60  - ////________________________________________________________________
14-05-2019 19:34:26 INFO  TestNGListener:61  - //// TestCase: selectRandomRoundTripFlightsByIndexAndVerifyPrice( 1, 8 )
14-05-2019 19:34:26 INFO  TestNGListener:62  - ////________________________________________________________________
14-05-2019 19:34:26 INFO  TestNGListener:63  - //// Status: PASSED
14-05-2019 19:34:26 INFO  TestNGListener:64  - ////________________________________________________________________
14-05-2019 19:34:26 INFO  TestNGListener:65  - //// Total Duration: 1.38 seconds
14-05-2019 19:34:26 INFO  TestNGListener:66  - ////________________________________________________________________
14-05-2019 19:34:26 INFO  TestNGListener:67  - ////////////////////////////////////////////////////////////////////
14-05-2019 19:34:26 INFO  TestNGListener:45  - ********************************************************************
14-05-2019 19:34:26 INFO  TestNGListener:46  - $$  Executing TestCase: --> selectRandomRoundTripFlightsByIndexAndVerifyPrice( 1, 1 )  $$
14-05-2019 19:34:26 INFO  TestNGListener:47  - $$  Test Description: Select random RoundTrip flights by index and verify prices
14-05-2019 19:34:26 INFO  TestNGListener:48  - ********************************************************************
14-05-2019 19:34:26 INFO  SearchPage:198  - Departure Flight price found at index: 1 --> Rs 16,963
14-05-2019 19:34:27 INFO  SearchPage:201  - Return Flight price found at index: 1 --> Rs 5,628
14-05-2019 19:34:27 INFO  SearchPage:280  - Verify Price: SelectedPrice = Rs 16,963, FooterPrice = Rs 16,963 Status --> true
14-05-2019 19:34:27 INFO  SearchPage:280  - Verify Price: SelectedPrice = Rs 5,628, FooterPrice = Rs 5,628 Status --> true
14-05-2019 19:34:27 INFO  SearchPage:305  - Verify Total Footer Price: Actual Price (Departure(Rs 16,963) + Return(Rs 5,628)) = 22591, Expected Price = (Actual (Rs 22,591) + Discount (0) = 22591) Status --> true
14-05-2019 19:34:27 INFO  TestNGListener:59  - ////////////////////////////////////////////////////////////////////
14-05-2019 19:34:27 INFO  TestNGListener:60  - ////________________________________________________________________
14-05-2019 19:34:27 INFO  TestNGListener:61  - //// TestCase: selectRandomRoundTripFlightsByIndexAndVerifyPrice( 1, 1 )
14-05-2019 19:34:27 INFO  TestNGListener:62  - ////________________________________________________________________
14-05-2019 19:34:27 INFO  TestNGListener:63  - //// Status: PASSED
14-05-2019 19:34:27 INFO  TestNGListener:64  - ////________________________________________________________________
14-05-2019 19:34:27 INFO  TestNGListener:65  - //// Total Duration: 1.08 seconds
14-05-2019 19:34:27 INFO  TestNGListener:66  - ////________________________________________________________________
14-05-2019 19:34:27 INFO  TestNGListener:67  - ////////////////////////////////////////////////////////////////////
14-05-2019 19:34:27 INFO  TestNGListener:45  - ********************************************************************
14-05-2019 19:34:27 INFO  TestNGListener:46  - $$  Executing TestCase: --> selectRandomRoundTripFlightsByIndexAndVerifyPrice( 1, 3 )  $$
14-05-2019 19:34:27 INFO  TestNGListener:47  - $$  Test Description: Select random RoundTrip flights by index and verify prices
14-05-2019 19:34:27 INFO  TestNGListener:48  - ********************************************************************
14-05-2019 19:34:28 INFO  SearchPage:198  - Departure Flight price found at index: 1 --> Rs 16,963
14-05-2019 19:34:28 INFO  SearchPage:201  - Return Flight price found at index: 3 --> Rs 5,628
14-05-2019 19:34:28 INFO  SearchPage:280  - Verify Price: SelectedPrice = Rs 16,963, FooterPrice = Rs 16,963 Status --> true
14-05-2019 19:34:28 INFO  SearchPage:280  - Verify Price: SelectedPrice = Rs 5,628, FooterPrice = Rs 5,628 Status --> true
14-05-2019 19:34:28 INFO  SearchPage:305  - Verify Total Footer Price: Actual Price (Departure(Rs 16,963) + Return(Rs 5,628)) = 22591, Expected Price = (Actual (Rs 22,591) + Discount (0) = 22591) Status --> true
14-05-2019 19:34:28 INFO  TestNGListener:59  - ////////////////////////////////////////////////////////////////////
14-05-2019 19:34:28 INFO  TestNGListener:60  - ////________________________________________________________________
14-05-2019 19:34:28 INFO  TestNGListener:61  - //// TestCase: selectRandomRoundTripFlightsByIndexAndVerifyPrice( 1, 3 )
14-05-2019 19:34:28 INFO  TestNGListener:62  - ////________________________________________________________________
14-05-2019 19:34:28 INFO  TestNGListener:63  - //// Status: PASSED
14-05-2019 19:34:28 INFO  TestNGListener:64  - ////________________________________________________________________
14-05-2019 19:34:28 INFO  TestNGListener:65  - //// Total Duration: 1.376 seconds
14-05-2019 19:34:28 INFO  TestNGListener:66  - ////________________________________________________________________
14-05-2019 19:34:28 INFO  TestNGListener:67  - ////////////////////////////////////////////////////////////////////
14-05-2019 19:34:29 INFO  DriverBase:84  - Browser closed...
14-05-2019 19:34:29 INFO  TestNGListener:37  - ////___________________________ END _______________________________
14-05-2019 19:34:29 INFO  TestNGListener:38  - ///////////////////////////////////////////////////////////////////
